This file contains any messages produced by compilers while
running configure, to aid debugging if configure makes a mistake.

It was created by swig configure 3.0.12, which was
generated by GNU Autoconf 2.71.  Invocation command line was

  $ ./configure

## --------- ##
## Platform. ##
## --------- ##

hostname = spoticus
uname -m = x86_64
uname -r = 3.2.0-340.x86_64
uname -s = MINGW64_NT-10.0-22000
uname -v = 2021-08-02 16:30 UTC

/usr/bin/uname -p = unknown
/bin/uname -X     = unknown

/bin/arch              = x86_64
/usr/bin/arch -k       = unknown
/usr/convex/getsysinfo = unknown
/usr/bin/hostinfo      = unknown
/bin/machine           = unknown
/usr/bin/oslevel       = unknown
/bin/universe          = unknown

PATH: /mingw64/bin/
PATH: /usr/local/bin/
PATH: /usr/bin/
PATH: /bin/
PATH: /c/Windows/System32/
PATH: /c/Windows/
PATH: /c/Windows/System32/Wbem/
PATH: /c/Windows/System32/WindowsPowerShell/v1.0/
PATH: /usr/bin/site_perl/
PATH: /usr/bin/vendor_perl/
PATH: /usr/bin/core_perl/


## ----------- ##
## Core tests. ##
## ----------- ##

configure:2650: loading site script /etc/config.site
| # This file is in public domain.
| # Original author: Karlson2k (Evgeny Grin)
| # Written for MSys2 to help running 'configure' scripts
| 
| # Defaults for MSys2/MinGW64-targeted programs
| 
| # Set proper selfname on bash and fallback to default name on other shells
| test -n "${BASH_SOURCE}" 2>/dev/null && config_site_me="${BASH_SOURCE[0]##*/}" || config_site_me=config.site
| 
| # Set default 'host' to speedup configure
| if test -z "$build_alias"; then
|   build_alias="${MSYSTEM_CHOST}"  && \
|     ${as_echo-echo} "$config_site_me:${as_lineno-$LINENO}: default build_alias set to $build_alias" >&5
| fi
| 
| # Set default 'prefix'
| if ( test -z "$prefix" || test "x$prefix" = "xNONE" ) && \
|     ( test -z "$exec_prefix" || test "x$exec_prefix" = "xNONE" ); then
|   prefix="${MSYSTEM_PREFIX}" && \
|     ${as_echo-echo} "$config_site_me:${as_lineno-$LINENO}: default prefix set to $prefix" >&5
| ficonfig.site:13: default build_alias set to x86_64-w64-mingw32
config.site:20: default prefix set to /mingw64
configure:3225: looking for aux files: compile missing install-sh config.guess config.sub
configure:3238:  trying ./Tools/config/
configure:3267:   ./Tools/config/compile found
configure:3267:   ./Tools/config/missing found
configure:3249:   ./Tools/config/install-sh found
configure:3267:   ./Tools/config/config.guess found
configure:3267:   ./Tools/config/config.sub found
configure:3392: checking build system type
configure:3407: result: x86_64-w64-mingw32
configure:3427: checking host system type
configure:3441: result: x86_64-w64-mingw32
configure:3478: checking for a BSD-compatible install
configure:3551: result: /usr/bin/install -c
configure:3562: checking whether build environment is sane
configure:3617: result: yes
configure:3781: checking for a race-free mkdir -p
configure:3825: result: /usr/bin/mkdir -p
configure:3832: checking for gawk
configure:3853: found /usr/bin/gawk
configure:3864: result: gawk
configure:3875: checking whether make sets $(MAKE)
configure:3898: result: yes
configure:3928: checking whether make supports nested variables
configure:3946: result: yes
configure:4133: checking for gcc
configure:4154: found /mingw64/bin/gcc
configure:4165: result: gcc
configure:4518: checking for C compiler version
configure:4527: gcc --version >&5
gcc.exe (Rev5, Built by MSYS2 project) 10.3.0
Copyright (C) 2020 Free Software Foundation, Inc.
This is free software; see the source for copying conditions.  There is NO
warranty; not even for MERCHANTABILITY or FITNESS FOR A PARTICULAR PURPOSE.

configure:4538: $? = 0
configure:4527: gcc -v >&5
Using built-in specs.
COLLECT_GCC=C:\msys64\mingw64\bin\gcc.exe
COLLECT_LTO_WRAPPER=C:/msys64/mingw64/bin/../lib/gcc/x86_64-w64-mingw32/10.3.0/lto-wrapper.exe
Target: x86_64-w64-mingw32
Configured with: ../gcc-10.3.0/configure --prefix=/mingw64 --with-local-prefix=/mingw64/local --build=x86_64-w64-mingw32 --host=x86_64-w64-mingw32 --target=x86_64-w64-mingw32 --with-native-system-header-dir=/mingw64/x86_64-w64-mingw32/include --libexecdir=/mingw64/lib --enable-bootstrap --enable-checking=release --with-arch=x86-64 --with-tune=generic --enable-languages=c,lto,c++,fortran,ada,objc,obj-c++,jit --enable-shared --enable-static --enable-libatomic --enable-threads=posix --enable-graphite --enable-fully-dynamic-string --enable-libstdcxx-filesystem-ts=yes --enable-libstdcxx-time=yes --disable-libstdcxx-pch --disable-libstdcxx-debug --enable-lto --enable-libgomp --disable-multilib --disable-rpath --disable-win32-registry --disable-nls --disable-werror --disable-symvers --with-libiconv --with-system-zlib --with-gmp=/mingw64 --with-mpfr=/mingw64 --with-mpc=/mingw64 --with-isl=/mingw64 --with-pkgversion='Rev5, Built by MSYS2 project' --with-bugurl=https://github.com/msys2/MINGW-packages/issues --with-gnu-as --with-gnu-ld --with-boot-ldflags='-pipe -Wl,--dynamicbase,--high-entropy-va,--nxcompat,--default-image-base-high -Wl,--disable-dynamicbase -static-libstdc++ -static-libgcc' 'LDFLAGS_FOR_TARGET=-pipe -Wl,--dynamicbase,--high-entropy-va,--nxcompat,--default-image-base-high' --enable-linker-plugin-flags='LDFLAGS=-static-libstdc++\ -static-libgcc\ -pipe\ -Wl,--dynamicbase,--high-entropy-va,--nxcompat,--default-image-base-high\ -Wl,--stack,12582912'
Thread model: posix
Supported LTO compression algorithms: zlib zstd
gcc version 10.3.0 (Rev5, Built by MSYS2 project) 
configure:4538: $? = 0
configure:4527: gcc -V >&5
gcc.exe: error: unrecognized command-line option '-V'
gcc.exe: fatal error: no input files
compilation terminated.
configure:4538: $? = 1
configure:4527: gcc -qversion >&5
gcc.exe: error: unrecognized command-line option '-qversion'; did you mean '--version'?
gcc.exe: fatal error: no input files
compilation terminated.
configure:4538: $? = 1
configure:4527: gcc -version >&5
gcc.exe: error: unrecognized command-line option '-version'
gcc.exe: fatal error: no input files
compilation terminated.
configure:4538: $? = 1
configure:4558: checking whether the C compiler works
configure:4580: gcc    conftest.c  >&5
configure:4584: $? = 0
configure:4634: result: yes
configure:4637: checking for C compiler default output file name
configure:4639: result: a.exe
configure:4645: checking for suffix of executables
configure:4652: gcc -o conftest.exe    conftest.c  >&5
configure:4656: $? = 0
configure:4679: result: .exe
configure:4701: checking whether we are cross compiling
configure:4709: gcc -o conftest.exe    conftest.c  >&5
configure:4713: $? = 0
configure:4720: ./conftest.exe
configure:4724: $? = 0
configure:4739: result: no
configure:4744: checking for suffix of object files
configure:4767: gcc -c   conftest.c >&5
configure:4771: $? = 0
configure:4793: result: o
configure:4797: checking whether the compiler supports GNU C
configure:4817: gcc -c   conftest.c >&5
configure:4817: $? = 0
configure:4827: result: yes
configure:4838: checking whether gcc accepts -g
configure:4859: gcc -c -g  conftest.c >&5
configure:4859: $? = 0
configure:4903: result: yes
configure:4923: checking for gcc option to enable C11 features
configure:4938: gcc  -c -g -O2  conftest.c >&5
configure:4938: $? = 0
configure:4956: result: none needed
configure:5072: checking whether gcc understands -c and -o together
configure:5095: gcc -c conftest.c -o conftest2.o
configure:5098: $? = 0
configure:5095: gcc -c conftest.c -o conftest2.o
configure:5098: $? = 0
configure:5110: result: yes
configure:5138: checking for style of include used by make
configure:5166: result: GNU
configure:5193: checking dependency style of gcc
configure:5305: result: gcc3
configure:5389: checking for g++
configure:5410: found /mingw64/bin/g++
configure:5421: result: g++
configure:5448: checking for C++ compiler version
configure:5457: g++ --version >&5
g++.exe (Rev5, Built by MSYS2 project) 10.3.0
Copyright (C) 2020 Free Software Foundation, Inc.
This is free software; see the source for copying conditions.  There is NO
warranty; not even for MERCHANTABILITY or FITNESS FOR A PARTICULAR PURPOSE.

configure:5468: $? = 0
configure:5457: g++ -v >&5
Using built-in specs.
COLLECT_GCC=C:\msys64\mingw64\bin\g++.exe
COLLECT_LTO_WRAPPER=C:/msys64/mingw64/bin/../lib/gcc/x86_64-w64-mingw32/10.3.0/lto-wrapper.exe
Target: x86_64-w64-mingw32
Configured with: ../gcc-10.3.0/configure --prefix=/mingw64 --with-local-prefix=/mingw64/local --build=x86_64-w64-mingw32 --host=x86_64-w64-mingw32 --target=x86_64-w64-mingw32 --with-native-system-header-dir=/mingw64/x86_64-w64-mingw32/include --libexecdir=/mingw64/lib --enable-bootstrap --enable-checking=release --with-arch=x86-64 --with-tune=generic --enable-languages=c,lto,c++,fortran,ada,objc,obj-c++,jit --enable-shared --enable-static --enable-libatomic --enable-threads=posix --enable-graphite --enable-fully-dynamic-string --enable-libstdcxx-filesystem-ts=yes --enable-libstdcxx-time=yes --disable-libstdcxx-pch --disable-libstdcxx-debug --enable-lto --enable-libgomp --disable-multilib --disable-rpath --disable-win32-registry --disable-nls --disable-werror --disable-symvers --with-libiconv --with-system-zlib --with-gmp=/mingw64 --with-mpfr=/mingw64 --with-mpc=/mingw64 --with-isl=/mingw64 --with-pkgversion='Rev5, Built by MSYS2 project' --with-bugurl=https://github.com/msys2/MINGW-packages/issues --with-gnu-as --with-gnu-ld --with-boot-ldflags='-pipe -Wl,--dynamicbase,--high-entropy-va,--nxcompat,--default-image-base-high -Wl,--disable-dynamicbase -static-libstdc++ -static-libgcc' 'LDFLAGS_FOR_TARGET=-pipe -Wl,--dynamicbase,--high-entropy-va,--nxcompat,--default-image-base-high' --enable-linker-plugin-flags='LDFLAGS=-static-libstdc++\ -static-libgcc\ -pipe\ -Wl,--dynamicbase,--high-entropy-va,--nxcompat,--default-image-base-high\ -Wl,--stack,12582912'
Thread model: posix
Supported LTO compression algorithms: zlib zstd
gcc version 10.3.0 (Rev5, Built by MSYS2 project) 
configure:5468: $? = 0
configure:5457: g++ -V >&5
g++.exe: error: unrecognized command-line option '-V'
g++.exe: fatal error: no input files
compilation terminated.
configure:5468: $? = 1
configure:5457: g++ -qversion >&5
g++.exe: error: unrecognized command-line option '-qversion'; did you mean '--version'?
g++.exe: fatal error: no input files
compilation terminated.
configure:5468: $? = 1
configure:5472: checking whether the compiler supports GNU C++
configure:5492: g++ -c   conftest.cpp >&5
configure:5492: $? = 0
configure:5502: result: yes
configure:5513: checking whether g++ accepts -g
configure:5534: g++ -c -g  conftest.cpp >&5
configure:5534: $? = 0
configure:5578: result: yes
configure:5598: checking for g++ option to enable C++11 features
configure:5613: g++  -c -g -O2  conftest.cpp >&5
configure:5613: $? = 0
configure:5631: result: none needed
configure:5697: checking dependency style of g++
configure:5809: result: gcc3
configure:5829: checking maximum warning verbosity option
configure:5868: result: -Wall -W -ansi -pedantic for C++ -Wall -W -ansi -pedantic for C
configure:5886: checking for stdio.h
configure:5886: gcc -c -g -O2 -Wall -W -ansi -pedantic  conftest.c >&5
configure:5886: $? = 0
configure:5886: result: yes
configure:5886: checking for stdlib.h
configure:5886: gcc -c -g -O2 -Wall -W -ansi -pedantic  conftest.c >&5
configure:5886: $? = 0
configure:5886: result: yes
configure:5886: checking for string.h
configure:5886: gcc -c -g -O2 -Wall -W -ansi -pedantic  conftest.c >&5
configure:5886: $? = 0
configure:5886: result: yes
configure:5886: checking for inttypes.h
configure:5886: gcc -c -g -O2 -Wall -W -ansi -pedantic  conftest.c >&5
configure:5886: $? = 0
configure:5886: result: yes
configure:5886: checking for stdint.h
configure:5886: gcc -c -g -O2 -Wall -W -ansi -pedantic  conftest.c >&5
configure:5886: $? = 0
configure:5886: result: yes
configure:5886: checking for strings.h
configure:5886: gcc -c -g -O2 -Wall -W -ansi -pedantic  conftest.c >&5
configure:5886: $? = 0
configure:5886: result: yes
configure:5886: checking for sys/stat.h
configure:5886: gcc -c -g -O2 -Wall -W -ansi -pedantic  conftest.c >&5
configure:5886: $? = 0
configure:5886: result: yes
configure:5886: checking for sys/types.h
configure:5886: gcc -c -g -O2 -Wall -W -ansi -pedantic  conftest.c >&5
configure:5886: $? = 0
configure:5886: result: yes
configure:5886: checking for unistd.h
configure:5886: gcc -c -g -O2 -Wall -W -ansi -pedantic  conftest.c >&5
configure:5886: $? = 0
configure:5886: result: yes
configure:5911: checking for grep that handles long lines and -e
configure:5975: result: /usr/bin/grep
configure:5983: checking for egrep
configure:6051: result: /usr/bin/grep -E
configure:6069: checking for popen
configure:6069: gcc -o conftest.exe -g -O2 -Wall -W -ansi -pedantic   conftest.c  >&5
configure:6069: $? = 0
configure:6069: result: yes
configure:6095: checking whether to enable PCRE support
configure:6097: result: yes
configure:6101: checking whether to use local PCRE
configure:6110: result: /c/Users/awolven/oc/util/swig-3.0.12/pcre/pcre-swig-install/bin/pcre-config
configure:6113: checking for a sed that does not truncate output
configure:6183: result: /usr/bin/sed
configure:6261: checking for pcre-config
configure:6296: result: /c/Users/awolven/oc/util/swig-3.0.12/pcre/pcre-swig-install/bin/pcre-config
configure:6472: checking whether to enable ccache-swig
configure:6474: result: yes
configure:6496: checking for bison
configure:6517: found /usr/bin/bison
configure:6528: result: bison -y
configure:6598: checking for boostlib >= 1.20.0
configure:6681: g++ -c -g -O2 -Wall -W -ansi -pedantic  -I/c/Users/awolven/oc/util/swig-3.0.12/pcre/pcre-swig-install/include -DPCRE_STATIC  conftest.cpp >&5
conftest.cpp:26:14: fatal error: boost/version.hpp: No such file or directory
   26 |     #include <boost/version.hpp>
      |              ^~~~~~~~~~~~~~~~~~~
compilation terminated.
configure:6681: $? = 1
configure: failed program was:
| /* confdefs.h */
| #define PACKAGE_NAME "swig"
| #define PACKAGE_TARNAME "swig"
| #define PACKAGE_VERSION "3.0.12"
| #define PACKAGE_STRING "swig 3.0.12"
| #define PACKAGE_BUGREPORT "http://www.swig.org"
| #define PACKAGE_URL ""
| #define PACKAGE "swig"
| #define VERSION "3.0.12"
| #define SWIG_CXX "g++"
| #define SWIG_PLATFORM "x86_64-w64-mingw32"
| #define HAVE_STDIO_H 1
| #define HAVE_STDLIB_H 1
| #define HAVE_STRING_H 1
| #define HAVE_INTTYPES_H 1
| #define HAVE_STDINT_H 1
| #define HAVE_STRINGS_H 1
| #define HAVE_SYS_STAT_H 1
| #define HAVE_SYS_TYPES_H 1
| #define HAVE_UNISTD_H 1
| #define STDC_HEADERS 1
| #define HAVE_POPEN 1
| #define HAVE_PCRE 1
| /* end confdefs.h.  */
| 
|     #include <boost/version.hpp>
| 
| int
| main (void)
| {
| 
|     #if BOOST_VERSION >= 102000
|     // Everything is okay
|     #else
|     #  error Boost version is too old
|     #endif
| 
|   ;
|   return 0;
| }
configure:6797: g++ -c -g -O2 -Wall -W -ansi -pedantic  -I/c/Users/awolven/oc/util/swig-3.0.12/pcre/pcre-swig-install/include -DPCRE_STATIC -I/include/boost-0 conftest.cpp >&5
conftest.cpp:26:18: fatal error: boost/version.hpp: No such file or directory
   26 |         #include <boost/version.hpp>
      |                  ^~~~~~~~~~~~~~~~~~~
compilation terminated.
configure:6797: $? = 1
configure: failed program was:
| /* confdefs.h */
| #define PACKAGE_NAME "swig"
| #define PACKAGE_TARNAME "swig"
| #define PACKAGE_VERSION "3.0.12"
| #define PACKAGE_STRING "swig 3.0.12"
| #define PACKAGE_BUGREPORT "http://www.swig.org"
| #define PACKAGE_URL ""
| #define PACKAGE "swig"
| #define VERSION "3.0.12"
| #define SWIG_CXX "g++"
| #define SWIG_PLATFORM "x86_64-w64-mingw32"
| #define HAVE_STDIO_H 1
| #define HAVE_STDLIB_H 1
| #define HAVE_STRING_H 1
| #define HAVE_INTTYPES_H 1
| #define HAVE_STDINT_H 1
| #define HAVE_STRINGS_H 1
| #define HAVE_SYS_STAT_H 1
| #define HAVE_SYS_TYPES_H 1
| #define HAVE_UNISTD_H 1
| #define STDC_HEADERS 1
| #define HAVE_POPEN 1
| #define HAVE_PCRE 1
| /* end confdefs.h.  */
| 
|         #include <boost/version.hpp>
| 
| int
| main (void)
| {
| 
|         #if BOOST_VERSION >= 102000
|         // Everything is okay
|         #else
|         #  error Boost version is too old
|         #endif
| 
|   ;
|   return 0;
| }
configure:6817: We could not detect the boost libraries (version 1.20 or higher). If you have a staged boost library (still not installed) please specify $BOOST_ROOT in your environment and do not give a PATH to --with-boost option.  If you are sure you have boost installed, then check your version number looking in <boost/version.hpp>. See http://randspringer.de/boost for more documentation.
configure:6848: ISYSTEM: -isystem 
configure:6853: checking SO
configure:6864: result: .dll
configure:6871: checking LDSHARED
configure:6920: result: gcc -shared
configure:6926: checking CXXSHARED
configure:6932: result: gcc -shared
configure:6936: checking TRYLINKINGWITHCXX
configure:6961: result: CXXSHARED= g++ -shared 
configure:6965: checking CCSHARED
configure:6986: result: 
configure:6990: checking RPATH
configure:7001: result: 
configure:7007: checking LINKFORSHARED
configure:7021: result: 
configure:7025: checking PLATCFLAGS
configure:7035: result: 
configure:7047: checking whether to enable C++11 testing
configure:7049: result: no
configure:7253: checking for dlopen in -ldl
configure:7276: gcc -o conftest.exe -g -O2 -Wall -W -ansi -pedantic  -I/c/Users/awolven/oc/util/swig-3.0.12/pcre/pcre-swig-install/include -DPCRE_STATIC  conftest.c -ldl   -L/c/Users/awolven/oc/util/swig-3.0.12/pcre/pcre-swig-install/lib -lpcre >&5
C:/msys64/mingw64/bin/../lib/gcc/x86_64-w64-mingw32/10.3.0/../../../../x86_64-w64-mingw32/bin/ld.exe: cannot find -ldl
collect2.exe: error: ld returned 1 exit status
configure:7276: $? = 1
configure: failed program was:
| /* confdefs.h */
| #define PACKAGE_NAME "swig"
| #define PACKAGE_TARNAME "swig"
| #define PACKAGE_VERSION "3.0.12"
| #define PACKAGE_STRING "swig 3.0.12"
| #define PACKAGE_BUGREPORT "http://www.swig.org"
| #define PACKAGE_URL ""
| #define PACKAGE "swig"
| #define VERSION "3.0.12"
| #define SWIG_CXX "g++"
| #define SWIG_PLATFORM "x86_64-w64-mingw32"
| #define HAVE_STDIO_H 1
| #define HAVE_STDLIB_H 1
| #define HAVE_STRING_H 1
| #define HAVE_INTTYPES_H 1
| #define HAVE_STDINT_H 1
| #define HAVE_STRINGS_H 1
| #define HAVE_SYS_STAT_H 1
| #define HAVE_SYS_TYPES_H 1
| #define HAVE_UNISTD_H 1
| #define STDC_HEADERS 1
| #define HAVE_POPEN 1
| #define HAVE_PCRE 1
| /* end confdefs.h.  */
| 
| /* Override any GCC internal prototype to avoid an error.
|    Use char because int might match the return type of a GCC
|    builtin and then its argument prototype would still apply.  */
| char dlopen ();
| int
| main (void)
| {
| return dlopen ();
|   ;
|   return 0;
| }
configure:7286: result: no
configure:7296: checking for shl_load in -ldld
configure:7319: gcc -o conftest.exe -g -O2 -Wall -W -ansi -pedantic  -I/c/Users/awolven/oc/util/swig-3.0.12/pcre/pcre-swig-install/include -DPCRE_STATIC  conftest.c -ldld   -L/c/Users/awolven/oc/util/swig-3.0.12/pcre/pcre-swig-install/lib -lpcre >&5
C:/msys64/mingw64/bin/../lib/gcc/x86_64-w64-mingw32/10.3.0/../../../../x86_64-w64-mingw32/bin/ld.exe: cannot find -ldld
collect2.exe: error: ld returned 1 exit status
configure:7319: $? = 1
configure: failed program was:
| /* confdefs.h */
| #define PACKAGE_NAME "swig"
| #define PACKAGE_TARNAME "swig"
| #define PACKAGE_VERSION "3.0.12"
| #define PACKAGE_STRING "swig 3.0.12"
| #define PACKAGE_BUGREPORT "http://www.swig.org"
| #define PACKAGE_URL ""
| #define PACKAGE "swig"
| #define VERSION "3.0.12"
| #define SWIG_CXX "g++"
| #define SWIG_PLATFORM "x86_64-w64-mingw32"
| #define HAVE_STDIO_H 1
| #define HAVE_STDLIB_H 1
| #define HAVE_STRING_H 1
| #define HAVE_INTTYPES_H 1
| #define HAVE_STDINT_H 1
| #define HAVE_STRINGS_H 1
| #define HAVE_SYS_STAT_H 1
| #define HAVE_SYS_TYPES_H 1
| #define HAVE_UNISTD_H 1
| #define STDC_HEADERS 1
| #define HAVE_POPEN 1
| #define HAVE_PCRE 1
| /* end confdefs.h.  */
| 
| /* Override any GCC internal prototype to avoid an error.
|    Use char because int might match the return type of a GCC
|    builtin and then its argument prototype would still apply.  */
| char shl_load ();
| int
| main (void)
| {
| return shl_load ();
|   ;
|   return 0;
| }
configure:7329: result: no
configure:7340: checking for library containing t_open
configure:7370: gcc -o conftest.exe -g -O2 -Wall -W -ansi -pedantic  -I/c/Users/awolven/oc/util/swig-3.0.12/pcre/pcre-swig-install/include -DPCRE_STATIC  conftest.c  -L/c/Users/awolven/oc/util/swig-3.0.12/pcre/pcre-swig-install/lib -lpcre >&5
C:/msys64/mingw64/bin/../lib/gcc/x86_64-w64-mingw32/10.3.0/../../../../x86_64-w64-mingw32/bin/ld.exe: C:\msys64\tmp\ccUitmDG.o: in function `main':
C:\Users\awolven\oc\util\swig-3.0.12/conftest.c:33: undefined reference to `t_open'
collect2.exe: error: ld returned 1 exit status
configure:7370: $? = 1
configure: failed program was:
| /* confdefs.h */
| #define PACKAGE_NAME "swig"
| #define PACKAGE_TARNAME "swig"
| #define PACKAGE_VERSION "3.0.12"
| #define PACKAGE_STRING "swig 3.0.12"
| #define PACKAGE_BUGREPORT "http://www.swig.org"
| #define PACKAGE_URL ""
| #define PACKAGE "swig"
| #define VERSION "3.0.12"
| #define SWIG_CXX "g++"
| #define SWIG_PLATFORM "x86_64-w64-mingw32"
| #define HAVE_STDIO_H 1
| #define HAVE_STDLIB_H 1
| #define HAVE_STRING_H 1
| #define HAVE_INTTYPES_H 1
| #define HAVE_STDINT_H 1
| #define HAVE_STRINGS_H 1
| #define HAVE_SYS_STAT_H 1
| #define HAVE_SYS_TYPES_H 1
| #define HAVE_UNISTD_H 1
| #define STDC_HEADERS 1
| #define HAVE_POPEN 1
| #define HAVE_PCRE 1
| /* end confdefs.h.  */
| 
| /* Override any GCC internal prototype to avoid an error.
|    Use char because int might match the return type of a GCC
|    builtin and then its argument prototype would still apply.  */
| char t_open ();
| int
| main (void)
| {
| return t_open ();
|   ;
|   return 0;
| }
configure:7370: gcc -o conftest.exe -g -O2 -Wall -W -ansi -pedantic  -I/c/Users/awolven/oc/util/swig-3.0.12/pcre/pcre-swig-install/include -DPCRE_STATIC  conftest.c -lnsl   -L/c/Users/awolven/oc/util/swig-3.0.12/pcre/pcre-swig-install/lib -lpcre >&5
C:/msys64/mingw64/bin/../lib/gcc/x86_64-w64-mingw32/10.3.0/../../../../x86_64-w64-mingw32/bin/ld.exe: cannot find -lnsl
collect2.exe: error: ld returned 1 exit status
configure:7370: $? = 1
configure: failed program was:
| /* confdefs.h */
| #define PACKAGE_NAME "swig"
| #define PACKAGE_TARNAME "swig"
| #define PACKAGE_VERSION "3.0.12"
| #define PACKAGE_STRING "swig 3.0.12"
| #define PACKAGE_BUGREPORT "http://www.swig.org"
| #define PACKAGE_URL ""
| #define PACKAGE "swig"
| #define VERSION "3.0.12"
| #define SWIG_CXX "g++"
| #define SWIG_PLATFORM "x86_64-w64-mingw32"
| #define HAVE_STDIO_H 1
| #define HAVE_STDLIB_H 1
| #define HAVE_STRING_H 1
| #define HAVE_INTTYPES_H 1
| #define HAVE_STDINT_H 1
| #define HAVE_STRINGS_H 1
| #define HAVE_SYS_STAT_H 1
| #define HAVE_SYS_TYPES_H 1
| #define HAVE_UNISTD_H 1
| #define STDC_HEADERS 1
| #define HAVE_POPEN 1
| #define HAVE_PCRE 1
| /* end confdefs.h.  */
| 
| /* Override any GCC internal prototype to avoid an error.
|    Use char because int might match the return type of a GCC
|    builtin and then its argument prototype would still apply.  */
| char t_open ();
| int
| main (void)
| {
| return t_open ();
|   ;
|   return 0;
| }
configure:7390: result: no
configure:7399: checking for library containing gethostbyname
configure:7429: gcc -o conftest.exe -g -O2 -Wall -W -ansi -pedantic  -I/c/Users/awolven/oc/util/swig-3.0.12/pcre/pcre-swig-install/include -DPCRE_STATIC  conftest.c  -L/c/Users/awolven/oc/util/swig-3.0.12/pcre/pcre-swig-install/lib -lpcre >&5
C:/msys64/mingw64/bin/../lib/gcc/x86_64-w64-mingw32/10.3.0/../../../../x86_64-w64-mingw32/bin/ld.exe: C:\msys64\tmp\ccCLwhwQ.o: in function `main':
C:\Users\awolven\oc\util\swig-3.0.12/conftest.c:33: undefined reference to `gethostbyname'
collect2.exe: error: ld returned 1 exit status
configure:7429: $? = 1
configure: failed program was:
| /* confdefs.h */
| #define PACKAGE_NAME "swig"
| #define PACKAGE_TARNAME "swig"
| #define PACKAGE_VERSION "3.0.12"
| #define PACKAGE_STRING "swig 3.0.12"
| #define PACKAGE_BUGREPORT "http://www.swig.org"
| #define PACKAGE_URL ""
| #define PACKAGE "swig"
| #define VERSION "3.0.12"
| #define SWIG_CXX "g++"
| #define SWIG_PLATFORM "x86_64-w64-mingw32"
| #define HAVE_STDIO_H 1
| #define HAVE_STDLIB_H 1
| #define HAVE_STRING_H 1
| #define HAVE_INTTYPES_H 1
| #define HAVE_STDINT_H 1
| #define HAVE_STRINGS_H 1
| #define HAVE_SYS_STAT_H 1
| #define HAVE_SYS_TYPES_H 1
| #define HAVE_UNISTD_H 1
| #define STDC_HEADERS 1
| #define HAVE_POPEN 1
| #define HAVE_PCRE 1
| /* end confdefs.h.  */
| 
| /* Override any GCC internal prototype to avoid an error.
|    Use char because int might match the return type of a GCC
|    builtin and then its argument prototype would still apply.  */
| char gethostbyname ();
| int
| main (void)
| {
| return gethostbyname ();
|   ;
|   return 0;
| }
configure:7429: gcc -o conftest.exe -g -O2 -Wall -W -ansi -pedantic  -I/c/Users/awolven/oc/util/swig-3.0.12/pcre/pcre-swig-install/include -DPCRE_STATIC  conftest.c -linet   -L/c/Users/awolven/oc/util/swig-3.0.12/pcre/pcre-swig-install/lib -lpcre >&5
C:/msys64/mingw64/bin/../lib/gcc/x86_64-w64-mingw32/10.3.0/../../../../x86_64-w64-mingw32/bin/ld.exe: cannot find -linet
collect2.exe: error: ld returned 1 exit status
configure:7429: $? = 1
configure: failed program was:
| /* confdefs.h */
| #define PACKAGE_NAME "swig"
| #define PACKAGE_TARNAME "swig"
| #define PACKAGE_VERSION "3.0.12"
| #define PACKAGE_STRING "swig 3.0.12"
| #define PACKAGE_BUGREPORT "http://www.swig.org"
| #define PACKAGE_URL ""
| #define PACKAGE "swig"
| #define VERSION "3.0.12"
| #define SWIG_CXX "g++"
| #define SWIG_PLATFORM "x86_64-w64-mingw32"
| #define HAVE_STDIO_H 1
| #define HAVE_STDLIB_H 1
| #define HAVE_STRING_H 1
| #define HAVE_INTTYPES_H 1
| #define HAVE_STDINT_H 1
| #define HAVE_STRINGS_H 1
| #define HAVE_SYS_STAT_H 1
| #define HAVE_SYS_TYPES_H 1
| #define HAVE_UNISTD_H 1
| #define STDC_HEADERS 1
| #define HAVE_POPEN 1
| #define HAVE_PCRE 1
| /* end confdefs.h.  */
| 
| /* Override any GCC internal prototype to avoid an error.
|    Use char because int might match the return type of a GCC
|    builtin and then its argument prototype would still apply.  */
| char gethostbyname ();
| int
| main (void)
| {
| return gethostbyname ();
|   ;
|   return 0;
| }
configure:7449: result: no
configure:7458: checking for library containing socket
configure:7488: gcc -o conftest.exe -g -O2 -Wall -W -ansi -pedantic  -I/c/Users/awolven/oc/util/swig-3.0.12/pcre/pcre-swig-install/include -DPCRE_STATIC  conftest.c  -L/c/Users/awolven/oc/util/swig-3.0.12/pcre/pcre-swig-install/lib -lpcre >&5
C:/msys64/mingw64/bin/../lib/gcc/x86_64-w64-mingw32/10.3.0/../../../../x86_64-w64-mingw32/bin/ld.exe: C:\msys64\tmp\ccKAbGNv.o: in function `main':
C:\Users\awolven\oc\util\swig-3.0.12/conftest.c:33: undefined reference to `socket'
collect2.exe: error: ld returned 1 exit status
configure:7488: $? = 1
configure: failed program was:
| /* confdefs.h */
| #define PACKAGE_NAME "swig"
| #define PACKAGE_TARNAME "swig"
| #define PACKAGE_VERSION "3.0.12"
| #define PACKAGE_STRING "swig 3.0.12"
| #define PACKAGE_BUGREPORT "http://www.swig.org"
| #define PACKAGE_URL ""
| #define PACKAGE "swig"
| #define VERSION "3.0.12"
| #define SWIG_CXX "g++"
| #define SWIG_PLATFORM "x86_64-w64-mingw32"
| #define HAVE_STDIO_H 1
| #define HAVE_STDLIB_H 1
| #define HAVE_STRING_H 1
| #define HAVE_INTTYPES_H 1
| #define HAVE_STDINT_H 1
| #define HAVE_STRINGS_H 1
| #define HAVE_SYS_STAT_H 1
| #define HAVE_SYS_TYPES_H 1
| #define HAVE_UNISTD_H 1
| #define STDC_HEADERS 1
| #define HAVE_POPEN 1
| #define HAVE_PCRE 1
| /* end confdefs.h.  */
| 
| /* Override any GCC internal prototype to avoid an error.
|    Use char because int might match the return type of a GCC
|    builtin and then its argument prototype would still apply.  */
| char socket ();
| int
| main (void)
| {
| return socket ();
|   ;
|   return 0;
| }
configure:7488: gcc -o conftest.exe -g -O2 -Wall -W -ansi -pedantic  -I/c/Users/awolven/oc/util/swig-3.0.12/pcre/pcre-swig-install/include -DPCRE_STATIC  conftest.c -lsocket   -L/c/Users/awolven/oc/util/swig-3.0.12/pcre/pcre-swig-install/lib -lpcre >&5
C:/msys64/mingw64/bin/../lib/gcc/x86_64-w64-mingw32/10.3.0/../../../../x86_64-w64-mingw32/bin/ld.exe: cannot find -lsocket
collect2.exe: error: ld returned 1 exit status
configure:7488: $? = 1
configure: failed program was:
| /* confdefs.h */
| #define PACKAGE_NAME "swig"
| #define PACKAGE_TARNAME "swig"
| #define PACKAGE_VERSION "3.0.12"
| #define PACKAGE_STRING "swig 3.0.12"
| #define PACKAGE_BUGREPORT "http://www.swig.org"
| #define PACKAGE_URL ""
| #define PACKAGE "swig"
| #define VERSION "3.0.12"
| #define SWIG_CXX "g++"
| #define SWIG_PLATFORM "x86_64-w64-mingw32"
| #define HAVE_STDIO_H 1
| #define HAVE_STDLIB_H 1
| #define HAVE_STRING_H 1
| #define HAVE_INTTYPES_H 1
| #define HAVE_STDINT_H 1
| #define HAVE_STRINGS_H 1
| #define HAVE_SYS_STAT_H 1
| #define HAVE_SYS_TYPES_H 1
| #define HAVE_UNISTD_H 1
| #define STDC_HEADERS 1
| #define HAVE_POPEN 1
| #define HAVE_PCRE 1
| /* end confdefs.h.  */
| 
| /* Override any GCC internal prototype to avoid an error.
|    Use char because int might match the return type of a GCC
|    builtin and then its argument prototype would still apply.  */
| char socket ();
| int
| main (void)
| {
| return socket ();
|   ;
|   return 0;
| }
configure:7508: result: no
configure:7518: checking for swill_init in -lswill
configure:7541: gcc -o conftest.exe -g -O2 -Wall -W -ansi -pedantic  -I/c/Users/awolven/oc/util/swig-3.0.12/pcre/pcre-swig-install/include -DPCRE_STATIC  conftest.c -lswill   -L/c/Users/awolven/oc/util/swig-3.0.12/pcre/pcre-swig-install/lib -lpcre >&5
C:/msys64/mingw64/bin/../lib/gcc/x86_64-w64-mingw32/10.3.0/../../../../x86_64-w64-mingw32/bin/ld.exe: cannot find -lswill
collect2.exe: error: ld returned 1 exit status
configure:7541: $? = 1
configure: failed program was:
| /* confdefs.h */
| #define PACKAGE_NAME "swig"
| #define PACKAGE_TARNAME "swig"
| #define PACKAGE_VERSION "3.0.12"
| #define PACKAGE_STRING "swig 3.0.12"
| #define PACKAGE_BUGREPORT "http://www.swig.org"
| #define PACKAGE_URL ""
| #define PACKAGE "swig"
| #define VERSION "3.0.12"
| #define SWIG_CXX "g++"
| #define SWIG_PLATFORM "x86_64-w64-mingw32"
| #define HAVE_STDIO_H 1
| #define HAVE_STDLIB_H 1
| #define HAVE_STRING_H 1
| #define HAVE_INTTYPES_H 1
| #define HAVE_STDINT_H 1
| #define HAVE_STRINGS_H 1
| #define HAVE_SYS_STAT_H 1
| #define HAVE_SYS_TYPES_H 1
| #define HAVE_UNISTD_H 1
| #define STDC_HEADERS 1
| #define HAVE_POPEN 1
| #define HAVE_PCRE 1
| /* end confdefs.h.  */
| 
| /* Override any GCC internal prototype to avoid an error.
|    Use char because int might match the return type of a GCC
|    builtin and then its argument prototype would still apply.  */
| char swill_init ();
| int
| main (void)
| {
| return swill_init ();
|   ;
|   return 0;
| }
configure:7551: result: no
configure:7575: checking for main in -lieee
configure:7595: gcc -o conftest.exe -g -O2 -Wall -W -ansi -pedantic  -I/c/Users/awolven/oc/util/swig-3.0.12/pcre/pcre-swig-install/include -DPCRE_STATIC  conftest.c -lieee   -L/c/Users/awolven/oc/util/swig-3.0.12/pcre/pcre-swig-install/lib -lpcre >&5
C:/msys64/mingw64/bin/../lib/gcc/x86_64-w64-mingw32/10.3.0/../../../../x86_64-w64-mingw32/bin/ld.exe: cannot find -lieee
collect2.exe: error: ld returned 1 exit status
configure:7595: $? = 1
configure: failed program was:
| /* confdefs.h */
| #define PACKAGE_NAME "swig"
| #define PACKAGE_TARNAME "swig"
| #define PACKAGE_VERSION "3.0.12"
| #define PACKAGE_STRING "swig 3.0.12"
| #define PACKAGE_BUGREPORT "http://www.swig.org"
| #define PACKAGE_URL ""
| #define PACKAGE "swig"
| #define VERSION "3.0.12"
| #define SWIG_CXX "g++"
| #define SWIG_PLATFORM "x86_64-w64-mingw32"
| #define HAVE_STDIO_H 1
| #define HAVE_STDLIB_H 1
| #define HAVE_STRING_H 1
| #define HAVE_INTTYPES_H 1
| #define HAVE_STDINT_H 1
| #define HAVE_STRINGS_H 1
| #define HAVE_SYS_STAT_H 1
| #define HAVE_SYS_TYPES_H 1
| #define HAVE_UNISTD_H 1
| #define STDC_HEADERS 1
| #define HAVE_POPEN 1
| #define HAVE_PCRE 1
| /* end confdefs.h.  */
| 
| 
| int
| main (void)
| {
| return main ();
|   ;
|   return 0;
| }
configure:7605: result: no
configure:7612: checking for crypt in -lcrypt
configure:7635: gcc -o conftest.exe -g -O2 -Wall -W -ansi -pedantic  -I/c/Users/awolven/oc/util/swig-3.0.12/pcre/pcre-swig-install/include -DPCRE_STATIC  conftest.c -lcrypt   -L/c/Users/awolven/oc/util/swig-3.0.12/pcre/pcre-swig-install/lib -lpcre >&5
C:/msys64/mingw64/bin/../lib/gcc/x86_64-w64-mingw32/10.3.0/../../../../x86_64-w64-mingw32/bin/ld.exe: cannot find -lcrypt
collect2.exe: error: ld returned 1 exit status
configure:7635: $? = 1
configure: failed program was:
| /* confdefs.h */
| #define PACKAGE_NAME "swig"
| #define PACKAGE_TARNAME "swig"
| #define PACKAGE_VERSION "3.0.12"
| #define PACKAGE_STRING "swig 3.0.12"
| #define PACKAGE_BUGREPORT "http://www.swig.org"
| #define PACKAGE_URL ""
| #define PACKAGE "swig"
| #define VERSION "3.0.12"
| #define SWIG_CXX "g++"
| #define SWIG_PLATFORM "x86_64-w64-mingw32"
| #define HAVE_STDIO_H 1
| #define HAVE_STDLIB_H 1
| #define HAVE_STRING_H 1
| #define HAVE_INTTYPES_H 1
| #define HAVE_STDINT_H 1
| #define HAVE_STRINGS_H 1
| #define HAVE_SYS_STAT_H 1
| #define HAVE_SYS_TYPES_H 1
| #define HAVE_UNISTD_H 1
| #define STDC_HEADERS 1
| #define HAVE_POPEN 1
| #define HAVE_PCRE 1
| /* end confdefs.h.  */
| 
| /* Override any GCC internal prototype to avoid an error.
|    Use char because int might match the return type of a GCC
|    builtin and then its argument prototype would still apply.  */
| char crypt ();
| int
| main (void)
| {
| return crypt ();
|   ;
|   return 0;
| }
configure:7645: result: no
configure:7690: checking for pkg-config
configure:7711: found /mingw64/bin/pkg-config
configure:7722: result: pkg-config
configure:7787: checking for Tcl configuration
configure:7813: result: found /usr/lib/tclConfig.sh
configure:7836: checking for Tcl header files
configure:7999: result: -isystem /usr/include
configure:8003: checking for Tcl library
configure:8020: result: -L/usr/lib -ltcl8.6
configure:8079: checking for python
configure:8100: found /mingw64/bin/python
configure:8111: result: python
configure:8128: checking for python major version number
configure:8131: result: 3
configure:8136: checking for Python os.name
configure:8139: result: nt
configure:8453: checking for python major version number
configure:8456: result: 3
configure:8464: checking for Python 3.x os.name
configure:8467: result: nt
configure:8473: checking for Python 3.x prefix
configure:8476: result: C:/msys64/mingw64
configure:8481: checking for Python 3.x header files
configure:8486: result: 
configure:8489: checking for Python 3.x library directory
configure:8501: result: Not found
configure:8507: checking for Python 3.x library
configure:8510: result: Not found
configure:8694: checking for perl
configure:8715: found /usr/bin/perl
configure:8726: result: perl
configure:8744: checking for Perl5 header files
configure:8753: result: /usr/lib/perl5/core_perl/CORE
configure:8765: checking for Perl5 library
configure:8772: result: msys-perl5_32
configure:8775: checking for Perl5 ccflags
configure:8782: result: -DPERL_USE_SAFE_PUTENV -U__STRICT_ANSI__ -D_GNU_SOURCE -march=x86-64 -mtune=generic -O2 -pipe -fwrapv -fno-strict-aliasing -fstack-protector-strong
configure:8785: checking for Perl5 ccdlflags
configure:8792: result:  
configure:8795: checking for Perl5 cccdlflags
configure:8802: result:  
configure:8805: checking for Perl5 ldflags
configure:8812: result:  -Wl,--enable-auto-import -Wl,--export-all-symbols -Wl,--enable-auto-image-base -fstack-protector-strong
configure:8815: checking for Perl5 Test::More module
configure:8822: result: found
configure:8878: checking for octave-cli
configure:8916: result: no
configure:9097: checking for scilab
configure:9132: result: no
configure:9274: checking for java JDK
configure:9308: result: no (JAVA_HOME is not defined)
configure:9320: checking for java
configure:9355: result: no
configure:9320: checking for kaffe
configure:9355: result: no
configure:9320: checking for guavac
configure:9355: result: no
configure:9376: checking for javac
configure:9411: result: no
configure:9424: checking for java include file jni.h
configure:9466: result: not found
configure:9606: checking for nodejs
configure:9641: result: no
configure:9606: checking for node
configure:9641: result: no
configure:9709: checking for JavaScriptCore/JavaScript.h
configure:9750: result: not found
configure:9766: checking for JavaScriptCore/Webkit library
configure:9773: result: not found
configure:9789: checking for V8 Javascript v8.h
configure:9823: result: not found
configure:9831: checking for V8 Javascript library
configure:9853: result: not found
configure:9926: checking for gcj
configure:9961: result: no
configure:9978: checking for gcjh
configure:10013: result: no
configure:10081: checking for android
configure:10116: result: no
configure:10133: checking for adb
configure:10168: result: no
configure:10185: checking for ant
configure:10220: result: no
configure:10237: checking for ndk-build
configure:10272: result: no
configure:10342: checking for guile-config
configure:10380: result: no
configure:10514: checking for mzscheme
configure:10552: result: no
configure:10564: checking for mzc
configure:10602: result: no
configure:10662: checking for ruby
configure:10697: result: no
configure:10709: checking for Ruby header files
configure:10808: result: could not figure out how to run ruby
configure:10852: checking for php5
configure:10887: result: no
configure:10852: checking for php
configure:10887: result: no
configure:10959: checking for php7.1
configure:10994: result: no
configure:10959: checking for php7.0
configure:10994: result: no
configure:10959: checking for php
configure:10994: result: no
configure:11104: checking for Ocaml DL load generator
configure:11111: checking for ocamldlgen
configure:11146: result: no
configure:11156: checking for Ocaml package tool
configure:11163: checking for ocamlfind
configure:11198: result: no
configure:11208: checking for Ocaml compiler
configure:11215: checking for ocamlc
configure:11250: result: no
configure:11260: checking for Ocaml toplevel creator
configure:11267: checking for ocamlmktop
configure:11302: result: no
configure:11312: checking for Ocaml Pre-Processor-Pretty-Printer
configure:11319: checking for camlp4
configure:11354: result: no
configure:11400: checking for pike
configure:11435: result: no
configure:11400: checking for pike7.8
configure:11435: result: no
configure:11400: checking for pike7.6
configure:11435: result: no
configure:11400: checking for pike7.4
configure:11435: result: no
configure:11400: checking for pike7.2
configure:11435: result: no
configure:11582: checking for chicken
configure:11617: result: no
configure:11644: checking for csc
configure:11679: result: no
configure:11717: checking for csi
configure:11752: result: no
configure:11897: checking for csc
configure:11932: result: no
configure:11897: checking for mono-csc
configure:11932: result: no
configure:11897: checking for gmcs
configure:11932: result: no
configure:11897: checking for mcs
configure:11932: result: no
configure:11897: checking for cscc
configure:11932: result: no
configure:12281: checking for lua5.4
configure:12319: result: no
configure:12281: checking for lua5.3
configure:12319: result: no
configure:12281: checking for lua5.2
configure:12319: result: no
configure:12281: checking for lua5.1
configure:12319: result: no
configure:12281: checking for lua
configure:12319: result: no
configure:12573: checking for alisp
configure:12611: result: no
configure:12648: checking for clisp
configure:12686: result: no
configure:12723: checking for R
configure:12761: result: no
configure:12806: checking for go
configure:12841: result: no
configure:12917: checking for gccgo
configure:12952: result: no
configure:13084: checking for dmd
configure:13119: result: no
configure:13084: checking for ldmd
configure:13119: result: no
configure:13084: checking for gdmd
configure:13119: result: no
configure:13175: checking for dmd
configure:13210: result: no
configure:13175: checking for gdmd
configure:13210: result: no
./configure: line 13561: -I/c/Users/awolven/oc/util/swig-3.0.12/pcre/pcre-swig-install/include: No such file or directory
configure:13693: checking that generated files are newer than configure
configure:13699: result: done
configure:13726: creating ./config.status

## ---------------------- ##
## Running config.status. ##
## ---------------------- ##

This file was extended by swig config.status 3.0.12, which was
generated by GNU Autoconf 2.71.  Invocation command line was

  CONFIG_FILES    = 
  CONFIG_HEADERS  = 
  CONFIG_LINKS    = 
  CONFIG_COMMANDS = 
  $ ./config.status 

on spoticus

config.status:1092: creating Makefile
config.status:1092: creating swig.spec
config.status:1092: creating Examples/Makefile
config.status:1092: creating Examples/d/example.mk
config.status:1092: creating Examples/xml/Makefile
config.status:1092: creating Examples/test-suite/errors/Makefile
config.status:1092: creating Examples/test-suite/chicken/Makefile
config.status:1092: creating Examples/test-suite/csharp/Makefile
config.status:1092: creating Examples/test-suite/d/Makefile
config.status:1092: creating Examples/test-suite/guile/Makefile
config.status:1092: creating Examples/test-suite/java/Makefile
config.status:1092: creating Examples/test-suite/javascript/Makefile
config.status:1092: creating Examples/test-suite/mzscheme/Makefile
config.status:1092: creating Examples/test-suite/ocaml/Makefile
config.status:1092: creating Examples/test-suite/octave/Makefile
config.status:1092: creating Examples/test-suite/perl5/Makefile
config.status:1092: creating Examples/test-suite/php/Makefile
config.status:1092: creating Examples/test-suite/php5/Makefile
config.status:1092: creating Examples/test-suite/pike/Makefile
config.status:1092: creating Examples/test-suite/python/Makefile
config.status:1092: creating Examples/test-suite/ruby/Makefile
config.status:1092: creating Examples/test-suite/scilab/Makefile
config.status:1092: creating Examples/test-suite/tcl/Makefile
config.status:1092: creating Examples/test-suite/lua/Makefile
config.status:1092: creating Examples/test-suite/allegrocl/Makefile
config.status:1092: creating Examples/test-suite/clisp/Makefile
config.status:1092: creating Examples/test-suite/cffi/Makefile
config.status:1092: creating Examples/test-suite/uffi/Makefile
config.status:1092: creating Examples/test-suite/r/Makefile
config.status:1092: creating Examples/test-suite/go/Makefile
config.status:1092: creating Source/Makefile
config.status:1092: creating Tools/javascript/Makefile
config.status:1092: creating preinst-swig
config.status:1092: creating CCache/ccache_swig_config.h
config.status:1092: creating Source/Include/swigconfig.h
config.status:1321: executing depfiles commands
config.status:1321: executing Examples commands
configure:15163: === configuring in CCache (/c/Users/awolven/oc/util/swig-3.0.12/CCache)
configure:15224: running /bin/sh ./configure --disable-option-checking '--prefix=/mingw64'  --cache-file=/dev/null --srcdir=.

## ---------------- ##
## Cache variables. ##
## ---------------- ##

ac_cv_build=x86_64-w64-mingw32
ac_cv_c_compiler_gnu=yes
ac_cv_cxx_compiler_gnu=yes
ac_cv_env_CCC_set=
ac_cv_env_CCC_value=
ac_cv_env_CC_set=
ac_cv_env_CC_value=
ac_cv_env_CFLAGS_set=
ac_cv_env_CFLAGS_value=
ac_cv_env_CPPFLAGS_set=
ac_cv_env_CPPFLAGS_value=
ac_cv_env_CPP_set=
ac_cv_env_CPP_value=
ac_cv_env_CXXFLAGS_set=
ac_cv_env_CXXFLAGS_value=
ac_cv_env_CXX_set=
ac_cv_env_CXX_value=
ac_cv_env_LDFLAGS_set=
ac_cv_env_LDFLAGS_value=
ac_cv_env_LIBS_set=
ac_cv_env_LIBS_value=
ac_cv_env_PCRE_CFLAGS_set=
ac_cv_env_PCRE_CFLAGS_value=
ac_cv_env_PCRE_CONFIG_set=
ac_cv_env_PCRE_CONFIG_value=
ac_cv_env_PCRE_LIBS_set=
ac_cv_env_PCRE_LIBS_value=
ac_cv_env_YACC_set=
ac_cv_env_YACC_value=
ac_cv_env_YFLAGS_set=
ac_cv_env_YFLAGS_value=
ac_cv_env_build_alias_set=
ac_cv_env_build_alias_value=
ac_cv_env_host_alias_set=
ac_cv_env_host_alias_value=
ac_cv_env_target_alias_set=
ac_cv_env_target_alias_value=
ac_cv_exeext=.exe
ac_cv_func_popen=yes
ac_cv_header_inttypes_h=yes
ac_cv_header_stdint_h=yes
ac_cv_header_stdio_h=yes
ac_cv_header_stdlib_h=yes
ac_cv_header_string_h=yes
ac_cv_header_strings_h=yes
ac_cv_header_sys_stat_h=yes
ac_cv_header_sys_types_h=yes
ac_cv_header_unistd_h=yes
ac_cv_host=x86_64-w64-mingw32
ac_cv_lib_crypt_crypt=no
ac_cv_lib_dl_dlopen=no
ac_cv_lib_dld_shl_load=no
ac_cv_lib_ieee_main=no
ac_cv_lib_swill_swill_init=no
ac_cv_objext=o
ac_cv_path_EGREP='/usr/bin/grep -E'
ac_cv_path_GREP=/usr/bin/grep
ac_cv_path_PCRE_CONFIG=/c/Users/awolven/oc/util/swig-3.0.12/pcre/pcre-swig-install/bin/pcre-config
ac_cv_path_SED=/usr/bin/sed
ac_cv_path_install='/usr/bin/install -c'
ac_cv_path_mkdir=/usr/bin/mkdir
ac_cv_prog_AWK=gawk
ac_cv_prog_PERL=perl
ac_cv_prog_PKGCONFIG=pkg-config
ac_cv_prog_PYTHON=python
ac_cv_prog_YACC='bison -y'
ac_cv_prog_ac_ct_CC=gcc
ac_cv_prog_ac_ct_CXX=g++
ac_cv_prog_cc_c11=
ac_cv_prog_cc_g=yes
ac_cv_prog_cc_stdc=
ac_cv_prog_cxx_11=no
ac_cv_prog_cxx_cxx11=
ac_cv_prog_cxx_g=yes
ac_cv_prog_cxx_stdcxx=
ac_cv_prog_make_make_set=yes
ac_cv_search_gethostbyname=no
ac_cv_search_socket=no
ac_cv_search_t_open=no
am_cv_CC_dependencies_compiler_type=gcc3
am_cv_CXX_dependencies_compiler_type=gcc3
am_cv_make_support_nested_variables=yes
am_cv_prog_cc_c_o=yes

## ----------------- ##
## Output variables. ##
## ----------------- ##

ACLOCAL='${SHELL} /c/Users/awolven/oc/util/swig-3.0.12/Tools/config/missing aclocal-1.15'
ADB=''
ALLEGROCLBIN=''
AMDEPBACKSLASH='\'
AMDEP_FALSE='#'
AMDEP_TRUE=''
AMTAR='$${TAR-tar}'
AM_BACKSLASH='\'
AM_DEFAULT_V='$(AM_DEFAULT_VERBOSITY)'
AM_DEFAULT_VERBOSITY='1'
AM_V='$(V)'
ANDROID=''
ANT=''
AUTOCONF='${SHELL} /c/Users/awolven/oc/util/swig-3.0.12/Tools/config/missing autoconf'
AUTOHEADER='${SHELL} /c/Users/awolven/oc/util/swig-3.0.12/Tools/config/missing autoheader'
AUTOMAKE='${SHELL} /c/Users/awolven/oc/util/swig-3.0.12/Tools/config/missing automake-1.15'
AWK='gawk'
BOOST_CPPFLAGS='-I/include/boost-0'
BOOST_LDFLAGS='-L/lib64'
CAMLP4=''
CC='gcc'
CCDEPMODE='depmode=gcc3'
CCSHARED=''
CFLAGS='-g -O2 -Wall -W -ansi -pedantic'
CHICKEN=''
CHICKENLIB=''
CHICKENOPTS=''
CHICKENSHAREDLIB=''
CHICKEN_CSC=''
CHICKEN_CSI=''
CLISPBIN=''
CPP=''
CPPFLAGS=' -I/c/Users/awolven/oc/util/swig-3.0.12/pcre/pcre-swig-install/include -DPCRE_STATIC'
CSHARPCFLAGS=' -mthreads'
CSHARPCILINTERPRETER=''
CSHARPCILINTERPRETER_FLAGS=''
CSHARPCOMPILER=''
CSHARPCONVERTPATH='Tools/convertpath -u'
CSHARPDYNAMICLINKING=' -mthreads -Wl,--add-stdcall-alias'
CSHARPLIBRARYPREFIX=''
CSHARPSO='.dll'
CXX='g++'
CXXDEPMODE='depmode=gcc3'
CXXFLAGS='-g -O2 -Wall -W -ansi -pedantic'
CXXSHARED='gcc -shared'
CYGPATH_W='cygpath -w'
D1COMPILER=''
D2COMPILER=''
DDEFAULTVERSION=''
DEFS='-DHAVE_CONFIG_H'
DEPDIR='.deps'
DLIBPREFIX=''
ECHO_C=''
ECHO_N='-n'
ECHO_T=''
EGREP='/usr/bin/grep -E'
ENABLE_CCACHE='1'
EXEEXT='.exe'
EXTRA_CLEAN='*.stackdump *.exp *.lib *.pdb *.ilk'
GCCGO=''
GCCGOOPT=''
GCJ=''
GCJH=''
GO12='false'
GO13='false'
GO15='false'
GO1='false'
GO=''
GOC=''
GOGCC='false'
GOOPT=''
GOVERSIONOPTION=''
GREP='/usr/bin/grep'
GUILE='yes'
GUILE_CFLAGS=''
GUILE_CONFIG=''
GUILE_LIBS=''
GUILE_SO='.dll'
HAVE_CXX11_COMPILER=''
INSTALL_DATA='${INSTALL} -m 644'
INSTALL_PROGRAM='${INSTALL}'
INSTALL_SCRIPT='${INSTALL}'
INSTALL_STRIP_PROGRAM='$(install_sh) -c -s'
JAVA=''
JAVAC=''
JAVACFLAGS=' -mthreads'
JAVACXXSHARED='$(CXXSHARED)'
JAVADYNAMICLINKING=' -mthreads -Wl,--add-stdcall-alias'
JAVAFLAGS=''
JAVAINC=''
JAVALDSHARED='$(LDSHARED)'
JAVALIBRARYPREFIX=''
JAVASO='.dll'
JSCENABLED=''
JSCOREDYNAMICLINKING=''
JSCOREINC=''
JSCOREVERSION=''
JSINTERPRETERCXX='$(CXX)'
JSINTERPRETERLINKFLAGS='-ldl'
JSV8DYNAMICLINKING=''
JSV8ENABLED=''
JSV8INC=''
LDFLAGS=''
LDSHARED='gcc -shared'
LIBC=''
LIBCRYPT=''
LIBM='-lm'
LIBOBJS=''
LIBS=' -L/c/Users/awolven/oc/util/swig-3.0.12/pcre/pcre-swig-install/lib -lpcre'
LINKFORSHARED=''
LTLIBOBJS=''
LUABIN=''
LUADYNAMICLINKING=''
LUAFLAGS=''
LUALINK=''
LUA_SO='.dll'
MAKEINFO='${SHELL} /c/Users/awolven/oc/util/swig-3.0.12/Tools/config/missing makeinfo'
MKDIR_P='/usr/bin/mkdir -p'
MZC=''
MZDYNOBJ=''
MZSCHEME=''
MZSCHEME_SO='.so'
NDKBUILD=''
NODEGYP=''
NODEJS=''
OBJEXT='o'
OCAMLC=''
OCAMLDLGEN=''
OCAMLFIND=''
OCAMLMKTOP=''
OCTAVE=''
OCTAVE_CPPFLAGS=''
OCTAVE_CXXFLAGS=''
OCTAVE_LDFLAGS=''
OCTAVE_SO='.oct'
PACKAGE='swig'
PACKAGE_BUGREPORT='http://www.swig.org'
PACKAGE_NAME='swig'
PACKAGE_STRING='swig 3.0.12'
PACKAGE_TARNAME='swig'
PACKAGE_URL=''
PACKAGE_VERSION='3.0.12'
PATH_SEPARATOR=':'
PCRE_CFLAGS='-I/c/Users/awolven/oc/util/swig-3.0.12/pcre/pcre-swig-install/include -DPCRE_STATIC'
PCRE_CONFIG='/c/Users/awolven/oc/util/swig-3.0.12/pcre/pcre-swig-install/bin/pcre-config'
PCRE_LIBS='-L/c/Users/awolven/oc/util/swig-3.0.12/pcre/pcre-swig-install/lib -lpcre'
PEP8=''
PERL5CCCDLFLAGS=' '
PERL5CCDLFLAGS=' '
PERL5CCFLAGS='-DPERL_USE_SAFE_PUTENV -U__STRICT_ANSI__ -D_GNU_SOURCE -march=x86-64 -mtune=generic -O2 -pipe -fwrapv -fno-strict-aliasing -fstack-protector-strong'
PERL5DYNAMICLINKING='-L/usr/lib/perl5/core_perl/CORE -lmsys-perl5_32'
PERL5EXT='/usr/lib/perl5/core_perl/CORE'
PERL5LDFLAGS=' -Wl,--enable-auto-import -Wl,--export-all-symbols -Wl,--enable-auto-image-base -fstack-protector-strong'
PERL5LIB='msys-perl5_32'
PERL='perl'
PHP5=''
PHP5INC=''
PHP5_SO='.dll'
PHP=''
PHPINC=''
PHP_SO='.dll'
PIKE=''
PIKECCDLFLAGS=''
PIKECONFIG=''
PIKEDYNAMICLINKING=''
PIKEINCLUDE=''
PKGCONFIG='pkg-config'
PLATCFLAGS=''
PLATCXXFLAGS=''
PY3CONFIG=''
PY3INCLUDE=''
PY3LIB=''
PY3LINK=''
PYINCLUDE=''
PYLIB=''
PYLINK=''
PYTHON3='python'
PYTHON3DYNAMICLINKING='-L '
PYTHON='python'
PYTHONDYNAMICLINKING='-L '
PYTHON_SO='.pyd'
RBIN=''
ROOT_DIR='/c/Users/awolven/oc/util/swig-3.0.12'
RPATH=''
RUBY=''
RUBYCCDLFLAGS=''
RUBYDYNAMICLINKING='-L '
RUBYINCLUDE=''
RUBYLIB=''
RUBYLINK=''
RUBYSO='.dll'
SCILAB=''
SCILABINCLUDE=''
SCILABOPT=''
SED='/usr/bin/sed'
SET_MAKE=''
SHELL='/bin/sh'
SKIP_ALLEGROCL='1'
SKIP_ANDROID='1'
SKIP_CFFI='1'
SKIP_CHICKEN='1'
SKIP_CLISP='1'
SKIP_CSHARP='1'
SKIP_D='1'
SKIP_GCJ='1'
SKIP_GO='1'
SKIP_GUILE='1'
SKIP_JAVA='1'
SKIP_JAVASCRIPT='1'
SKIP_LUA='1'
SKIP_MODULA3='1'
SKIP_MZSCHEME='1'
SKIP_OCAML='1'
SKIP_OCTAVE='1'
SKIP_PERL5=''
SKIP_PHP5='1'
SKIP_PHP='1'
SKIP_PIKE='1'
SKIP_PYTHON3='1'
SKIP_PYTHON='1'
SKIP_R='1'
SKIP_RUBY='1'
SKIP_SCILAB='1'
SKIP_TCL=''
SKIP_UFFI='1'
SO='.dll'
STRIP=''
SWIGLIBS=''
SWIG_LIB='/mingw64/share/swig/3.0.12'
SWIG_LIB_INSTALL='${datarootdir}/swig/3.0.12'
SWIG_LIB_PREINST='C:/Users/awolven/oc/util/swig-3.0.12/Lib'
SWIG_LIB_SET='env SWIG_LIB=$(SWIG_LIB_DIR)'
SWILL=''
TCLCXXSHARED='$(CXXSHARED)'
TCLDYNAMICLINKING='-L/usr/lib -ltcl8.6'
TCLINCLUDE='-isystem /usr/include'
TCLLDSHARED='$(LDSHARED)'
TCLLIB='-L/usr/lib -ltcl8.6'
TCL_SO='.dll'
TRYLINKINGWITHCXX='CXXSHARED= g++ -shared '
VERSION='3.0.12'
YACC='bison -y'
YFLAGS=''
ac_aux_dir='./Tools/config/'
ac_ct_CC='gcc'
ac_ct_CXX='g++'
am__EXEEXT_FALSE='#'
am__EXEEXT_TRUE=''
am__fastdepCC_FALSE='#'
am__fastdepCC_TRUE=''
am__fastdepCXX_FALSE='#'
am__fastdepCXX_TRUE=''
am__include='include'
am__isrc=''
am__leading_dot='.'
am__nodep='_no'
am__quote=''
am__tar='$${TAR-tar} chof - "$$tardir"'
am__untar='$${TAR-tar} xf -'
bindir='${exec_prefix}/bin'
build='x86_64-w64-mingw32'
build_alias='x86_64-w64-mingw32'
build_cpu='x86_64'
build_os='mingw32'
build_vendor='w64'
datadir='${datarootdir}'
datarootdir='${prefix}/share'
docdir='${datarootdir}/doc/${PACKAGE_TARNAME}'
dvidir='${docdir}'
exec_prefix='${prefix}'
host='x86_64-w64-mingw32'
host_alias=''
host_cpu='x86_64'
host_os='mingw32'
host_vendor='w64'
htmldir='${docdir}'
includedir='${prefix}/include'
infodir='${datarootdir}/info'
install_sh='${SHELL} /c/Users/awolven/oc/util/swig-3.0.12/Tools/config/install-sh'
libdir='${exec_prefix}/lib'
libexecdir='${exec_prefix}/libexec'
localedir='${datarootdir}/locale'
localstatedir='${prefix}/var'
mandir='${datarootdir}/man'
mkdir_p='$(MKDIR_P)'
oldincludedir='/usr/include'
pdfdir='${docdir}'
prefix='/mingw64'
program_transform_name='s,x,x,'
psdir='${docdir}'
runstatedir='${localstatedir}/run'
sbindir='${exec_prefix}/sbin'
sharedstatedir='${prefix}/com'
subdirs=' CCache'
sysconfdir='${prefix}/etc'
target_alias=''

## ----------- ##
## confdefs.h. ##
## ----------- ##

/* confdefs.h */
#define PACKAGE_NAME "swig"
#define PACKAGE_TARNAME "swig"
#define PACKAGE_VERSION "3.0.12"
#define PACKAGE_STRING "swig 3.0.12"
#define PACKAGE_BUGREPORT "http://www.swig.org"
#define PACKAGE_URL ""
#define PACKAGE "swig"
#define VERSION "3.0.12"
#define SWIG_CXX "g++"
#define SWIG_PLATFORM "x86_64-w64-mingw32"
#define HAVE_STDIO_H 1
#define HAVE_STDLIB_H 1
#define HAVE_STRING_H 1
#define HAVE_INTTYPES_H 1
#define HAVE_STDINT_H 1
#define HAVE_STRINGS_H 1
#define HAVE_SYS_STAT_H 1
#define HAVE_SYS_TYPES_H 1
#define HAVE_UNISTD_H 1
#define STDC_HEADERS 1
#define HAVE_POPEN 1
#define HAVE_PCRE 1
#define SWIG_LIB "/mingw64/share/swig/3.0.12"
#define SWIG_LIB_WIN_UNIX "C:/msys64/mingw64/share/swig/3.0.12"

configure: exit 0
