This file contains any messages produced by compilers while
running configure, to aid debugging if configure makes a mistake.

It was created by ccache-swig configure 0.0, which was
generated by GNU Autoconf 2.71.  Invocation command line was

  $ ./configure --disable-option-checking --prefix=/mingw64 --cache-file=/dev/null --srcdir=.

## --------- ##
## Platform. ##
## --------- ##

hostname = spoticus
uname -m = x86_64
uname -r = 3.2.0-340.x86_64
uname -s = MINGW64_NT-10.0-22000
uname -v = 2021-08-02 16:30 UTC

/usr/bin/uname -p = unknown
/bin/uname -X     = unknown

/bin/arch              = x86_64
/usr/bin/arch -k       = unknown
/usr/convex/getsysinfo = unknown
/usr/bin/hostinfo      = unknown
/bin/machine           = unknown
/usr/bin/oslevel       = unknown
/bin/universe          = unknown

PATH: /mingw64/bin/
PATH: /usr/local/bin/
PATH: /usr/bin/
PATH: /bin/
PATH: /c/Windows/System32/
PATH: /c/Windows/
PATH: /c/Windows/System32/Wbem/
PATH: /c/Windows/System32/WindowsPowerShell/v1.0/
PATH: /usr/bin/site_perl/
PATH: /usr/bin/vendor_perl/
PATH: /usr/bin/core_perl/


## ----------- ##
## Core tests. ##
## ----------- ##

configure:1958: loading site script /etc/config.site
| # This file is in public domain.
| # Original author: Karlson2k (Evgeny Grin)
| # Written for MSys2 to help running 'configure' scripts
| 
| # Defaults for MSys2/MinGW64-targeted programs
| 
| # Set proper selfname on bash and fallback to default name on other shells
| test -n "${BASH_SOURCE}" 2>/dev/null && config_site_me="${BASH_SOURCE[0]##*/}" || config_site_me=config.site
| 
| # Set default 'host' to speedup configure
| if test -z "$build_alias"; then
|   build_alias="${MSYSTEM_CHOST}"  && \
|     ${as_echo-echo} "$config_site_me:${as_lineno-$LINENO}: default build_alias set to $build_alias" >&5
| fi
| 
| # Set default 'prefix'
| if ( test -z "$prefix" || test "x$prefix" = "xNONE" ) && \
|     ( test -z "$exec_prefix" || test "x$exec_prefix" = "xNONE" ); then
|   prefix="${MSYSTEM_PREFIX}" && \
|     ${as_echo-echo} "$config_site_me:${as_lineno-$LINENO}: default prefix set to $prefix" >&5
| ficonfig.site:13: default build_alias set to x86_64-w64-mingw32
configure:2318: looking for aux files: install-sh
configure:2331:  trying ./
configure:2342:   ./install-sh found
configure:2474: Configuring ccache
configure:2542: checking for gcc
configure:2563: found /mingw64/bin/gcc
configure:2574: result: gcc
configure:2927: checking for C compiler version
configure:2936: gcc --version >&5
gcc.exe (Rev5, Built by MSYS2 project) 10.3.0
Copyright (C) 2020 Free Software Foundation, Inc.
This is free software; see the source for copying conditions.  There is NO
warranty; not even for MERCHANTABILITY or FITNESS FOR A PARTICULAR PURPOSE.

configure:2947: $? = 0
configure:2936: gcc -v >&5
Using built-in specs.
COLLECT_GCC=C:\msys64\mingw64\bin\gcc.exe
COLLECT_LTO_WRAPPER=C:/msys64/mingw64/bin/../lib/gcc/x86_64-w64-mingw32/10.3.0/lto-wrapper.exe
Target: x86_64-w64-mingw32
Configured with: ../gcc-10.3.0/configure --prefix=/mingw64 --with-local-prefix=/mingw64/local --build=x86_64-w64-mingw32 --host=x86_64-w64-mingw32 --target=x86_64-w64-mingw32 --with-native-system-header-dir=/mingw64/x86_64-w64-mingw32/include --libexecdir=/mingw64/lib --enable-bootstrap --enable-checking=release --with-arch=x86-64 --with-tune=generic --enable-languages=c,lto,c++,fortran,ada,objc,obj-c++,jit --enable-shared --enable-static --enable-libatomic --enable-threads=posix --enable-graphite --enable-fully-dynamic-string --enable-libstdcxx-filesystem-ts=yes --enable-libstdcxx-time=yes --disable-libstdcxx-pch --disable-libstdcxx-debug --enable-lto --enable-libgomp --disable-multilib --disable-rpath --disable-win32-registry --disable-nls --disable-werror --disable-symvers --with-libiconv --with-system-zlib --with-gmp=/mingw64 --with-mpfr=/mingw64 --with-mpc=/mingw64 --with-isl=/mingw64 --with-pkgversion='Rev5, Built by MSYS2 project' --with-bugurl=https://github.com/msys2/MINGW-packages/issues --with-gnu-as --with-gnu-ld --with-boot-ldflags='-pipe -Wl,--dynamicbase,--high-entropy-va,--nxcompat,--default-image-base-high -Wl,--disable-dynamicbase -static-libstdc++ -static-libgcc' 'LDFLAGS_FOR_TARGET=-pipe -Wl,--dynamicbase,--high-entropy-va,--nxcompat,--default-image-base-high' --enable-linker-plugin-flags='LDFLAGS=-static-libstdc++\ -static-libgcc\ -pipe\ -Wl,--dynamicbase,--high-entropy-va,--nxcompat,--default-image-base-high\ -Wl,--stack,12582912'
Thread model: posix
Supported LTO compression algorithms: zlib zstd
gcc version 10.3.0 (Rev5, Built by MSYS2 project) 
configure:2947: $? = 0
configure:2936: gcc -V >&5
gcc.exe: error: unrecognized command-line option '-V'
gcc.exe: fatal error: no input files
compilation terminated.
configure:2947: $? = 1
configure:2936: gcc -qversion >&5
gcc.exe: error: unrecognized command-line option '-qversion'; did you mean '--version'?
gcc.exe: fatal error: no input files
compilation terminated.
configure:2947: $? = 1
configure:2936: gcc -version >&5
gcc.exe: error: unrecognized command-line option '-version'
gcc.exe: fatal error: no input files
compilation terminated.
configure:2947: $? = 1
configure:2967: checking whether the C compiler works
configure:2989: gcc   -I/c/Users/awolven/oc/util/swig-3.0.12/pcre/pcre-swig-install/include -DPCRE_STATIC  conftest.c  >&5
configure:2993: $? = 0
configure:3043: result: yes
configure:3046: checking for C compiler default output file name
configure:3048: result: a.exe
configure:3054: checking for suffix of executables
configure:3061: gcc -o conftest.exe   -I/c/Users/awolven/oc/util/swig-3.0.12/pcre/pcre-swig-install/include -DPCRE_STATIC  conftest.c  >&5
configure:3065: $? = 0
configure:3088: result: .exe
configure:3110: checking whether we are cross compiling
configure:3118: gcc -o conftest.exe   -I/c/Users/awolven/oc/util/swig-3.0.12/pcre/pcre-swig-install/include -DPCRE_STATIC  conftest.c  >&5
configure:3122: $? = 0
configure:3129: ./conftest.exe
configure:3133: $? = 0
configure:3148: result: no
configure:3153: checking for suffix of object files
configure:3176: gcc -c   -I/c/Users/awolven/oc/util/swig-3.0.12/pcre/pcre-swig-install/include -DPCRE_STATIC conftest.c >&5
configure:3180: $? = 0
configure:3202: result: o
configure:3206: checking whether the compiler supports GNU C
configure:3226: gcc -c   -I/c/Users/awolven/oc/util/swig-3.0.12/pcre/pcre-swig-install/include -DPCRE_STATIC conftest.c >&5
configure:3226: $? = 0
configure:3236: result: yes
configure:3247: checking whether gcc accepts -g
configure:3268: gcc -c -g  -I/c/Users/awolven/oc/util/swig-3.0.12/pcre/pcre-swig-install/include -DPCRE_STATIC conftest.c >&5
configure:3268: $? = 0
configure:3312: result: yes
configure:3332: checking for gcc option to enable C11 features
configure:3347: gcc  -c -g -O2  -I/c/Users/awolven/oc/util/swig-3.0.12/pcre/pcre-swig-install/include -DPCRE_STATIC conftest.c >&5
configure:3347: $? = 0
configure:3365: result: none needed
configure:3480: checking how to run the C preprocessor
configure:3506: gcc -E  -I/c/Users/awolven/oc/util/swig-3.0.12/pcre/pcre-swig-install/include -DPCRE_STATIC conftest.c
configure:3506: $? = 0
configure:3521: gcc -E  -I/c/Users/awolven/oc/util/swig-3.0.12/pcre/pcre-swig-install/include -DPCRE_STATIC conftest.c
conftest.c:9:10: fatal error: ac_nonexistent.h: No such file or directory
    9 | #include <ac_nonexistent.h>
      |          ^~~~~~~~~~~~~~~~~~
compilation terminated.
configure:3521: $? = 1
configure: failed program was:
| /* confdefs.h */
| #define PACKAGE_NAME "ccache-swig"
| #define PACKAGE_TARNAME "ccache-swig"
| #define PACKAGE_VERSION "0.0"
| #define PACKAGE_STRING "ccache-swig 0.0"
| #define PACKAGE_BUGREPORT ""
| #define PACKAGE_URL ""
| /* end confdefs.h.  */
| #include <ac_nonexistent.h>
configure:3548: result: gcc -E
configure:3562: gcc -E  -I/c/Users/awolven/oc/util/swig-3.0.12/pcre/pcre-swig-install/include -DPCRE_STATIC conftest.c
configure:3562: $? = 0
configure:3577: gcc -E  -I/c/Users/awolven/oc/util/swig-3.0.12/pcre/pcre-swig-install/include -DPCRE_STATIC conftest.c
conftest.c:9:10: fatal error: ac_nonexistent.h: No such file or directory
    9 | #include <ac_nonexistent.h>
      |          ^~~~~~~~~~~~~~~~~~
compilation terminated.
configure:3577: $? = 1
configure: failed program was:
| /* confdefs.h */
| #define PACKAGE_NAME "ccache-swig"
| #define PACKAGE_TARNAME "ccache-swig"
| #define PACKAGE_VERSION "0.0"
| #define PACKAGE_STRING "ccache-swig 0.0"
| #define PACKAGE_BUGREPORT ""
| #define PACKAGE_URL ""
| /* end confdefs.h.  */
| #include <ac_nonexistent.h>
configure:3623: checking for a BSD-compatible install
configure:3696: result: /usr/bin/install -c
configure:3734: checking for dirent.h that defines DIR
configure:3754: gcc -c -g -O2 -Wall -W  -I/c/Users/awolven/oc/util/swig-3.0.12/pcre/pcre-swig-install/include -DPCRE_STATIC conftest.c >&5
configure:3754: $? = 0
configure:3763: result: yes
configure:3777: checking for library containing opendir
configure:3807: gcc -o conftest.exe -g -O2 -Wall -W  -I/c/Users/awolven/oc/util/swig-3.0.12/pcre/pcre-swig-install/include -DPCRE_STATIC  conftest.c  >&5
configure:3807: $? = 0
configure:3827: result: none required
configure:3902: checking for stdio.h
configure:3902: gcc -c -g -O2 -Wall -W  -I/c/Users/awolven/oc/util/swig-3.0.12/pcre/pcre-swig-install/include -DPCRE_STATIC conftest.c >&5
configure:3902: $? = 0
configure:3902: result: yes
configure:3902: checking for stdlib.h
configure:3902: gcc -c -g -O2 -Wall -W  -I/c/Users/awolven/oc/util/swig-3.0.12/pcre/pcre-swig-install/include -DPCRE_STATIC conftest.c >&5
configure:3902: $? = 0
configure:3902: result: yes
configure:3902: checking for string.h
configure:3902: gcc -c -g -O2 -Wall -W  -I/c/Users/awolven/oc/util/swig-3.0.12/pcre/pcre-swig-install/include -DPCRE_STATIC conftest.c >&5
configure:3902: $? = 0
configure:3902: result: yes
configure:3902: checking for inttypes.h
configure:3902: gcc -c -g -O2 -Wall -W  -I/c/Users/awolven/oc/util/swig-3.0.12/pcre/pcre-swig-install/include -DPCRE_STATIC conftest.c >&5
configure:3902: $? = 0
configure:3902: result: yes
configure:3902: checking for stdint.h
configure:3902: gcc -c -g -O2 -Wall -W  -I/c/Users/awolven/oc/util/swig-3.0.12/pcre/pcre-swig-install/include -DPCRE_STATIC conftest.c >&5
configure:3902: $? = 0
configure:3902: result: yes
configure:3902: checking for strings.h
configure:3902: gcc -c -g -O2 -Wall -W  -I/c/Users/awolven/oc/util/swig-3.0.12/pcre/pcre-swig-install/include -DPCRE_STATIC conftest.c >&5
configure:3902: $? = 0
configure:3902: result: yes
configure:3902: checking for sys/stat.h
configure:3902: gcc -c -g -O2 -Wall -W  -I/c/Users/awolven/oc/util/swig-3.0.12/pcre/pcre-swig-install/include -DPCRE_STATIC conftest.c >&5
configure:3902: $? = 0
configure:3902: result: yes
configure:3902: checking for sys/types.h
configure:3902: gcc -c -g -O2 -Wall -W  -I/c/Users/awolven/oc/util/swig-3.0.12/pcre/pcre-swig-install/include -DPCRE_STATIC conftest.c >&5
configure:3902: $? = 0
configure:3902: result: yes
configure:3902: checking for unistd.h
configure:3902: gcc -c -g -O2 -Wall -W  -I/c/Users/awolven/oc/util/swig-3.0.12/pcre/pcre-swig-install/include -DPCRE_STATIC conftest.c >&5
configure:3902: $? = 0
configure:3902: result: yes
configure:3902: checking for sys/time.h
configure:3902: gcc -c -g -O2 -Wall -W  -I/c/Users/awolven/oc/util/swig-3.0.12/pcre/pcre-swig-install/include -DPCRE_STATIC conftest.c >&5
configure:3902: $? = 0
configure:3902: result: yes
configure:3937: checking for sys/wait.h that is POSIX.1 compatible
configure:3964: gcc -c -g -O2 -Wall -W  -I/c/Users/awolven/oc/util/swig-3.0.12/pcre/pcre-swig-install/include -DPCRE_STATIC conftest.c >&5
conftest.c:24:10: fatal error: sys/wait.h: No such file or directory
   24 | #include <sys/wait.h>
      |          ^~~~~~~~~~~~
compilation terminated.
configure:3964: $? = 1
configure: failed program was:
| /* confdefs.h */
| #define PACKAGE_NAME "ccache-swig"
| #define PACKAGE_TARNAME "ccache-swig"
| #define PACKAGE_VERSION "0.0"
| #define PACKAGE_STRING "ccache-swig 0.0"
| #define PACKAGE_BUGREPORT ""
| #define PACKAGE_URL ""
| #define _GNU_SOURCE 1
| #define HAVE_DIRENT_H 1
| #define HAVE_STDIO_H 1
| #define HAVE_STDLIB_H 1
| #define HAVE_STRING_H 1
| #define HAVE_INTTYPES_H 1
| #define HAVE_STDINT_H 1
| #define HAVE_STRINGS_H 1
| #define HAVE_SYS_STAT_H 1
| #define HAVE_SYS_TYPES_H 1
| #define HAVE_UNISTD_H 1
| #define HAVE_SYS_TIME_H 1
| #define STDC_HEADERS 1
| #define TIME_WITH_SYS_TIME 1
| /* end confdefs.h.  */
| #include <sys/types.h>
| #include <sys/wait.h>
| #ifndef WEXITSTATUS
| # define WEXITSTATUS(stat_val) ((unsigned int) (stat_val) >> 8)
| #endif
| #ifndef WIFEXITED
| # define WIFEXITED(stat_val) (((stat_val) & 255) == 0)
| #endif
| 
| int
| main (void)
| {
|   int s;
|   wait (&s);
|   s = WIFEXITED (s) ? WEXITSTATUS (s) : 1;
|   ;
|   return 0;
| }
configure:3972: result: no
configure:3981: checking for ctype.h
configure:3981: gcc -c -g -O2 -Wall -W  -I/c/Users/awolven/oc/util/swig-3.0.12/pcre/pcre-swig-install/include -DPCRE_STATIC conftest.c >&5
configure:3981: $? = 0
configure:3981: result: yes
configure:3987: checking for strings.h
configure:3987: result: yes
configure:3993: checking for stdlib.h
configure:3993: result: yes
configure:3999: checking for string.h
configure:3999: result: yes
configure:4005: checking for pwd.h
configure:4005: gcc -c -g -O2 -Wall -W  -I/c/Users/awolven/oc/util/swig-3.0.12/pcre/pcre-swig-install/include -DPCRE_STATIC conftest.c >&5
conftest.c:55:10: fatal error: pwd.h: No such file or directory
   55 | #include <pwd.h>
      |          ^~~~~~~
compilation terminated.
configure:4005: $? = 1
configure: failed program was:
| /* confdefs.h */
| #define PACKAGE_NAME "ccache-swig"
| #define PACKAGE_TARNAME "ccache-swig"
| #define PACKAGE_VERSION "0.0"
| #define PACKAGE_STRING "ccache-swig 0.0"
| #define PACKAGE_BUGREPORT ""
| #define PACKAGE_URL ""
| #define _GNU_SOURCE 1
| #define HAVE_DIRENT_H 1
| #define HAVE_STDIO_H 1
| #define HAVE_STDLIB_H 1
| #define HAVE_STRING_H 1
| #define HAVE_INTTYPES_H 1
| #define HAVE_STDINT_H 1
| #define HAVE_STRINGS_H 1
| #define HAVE_SYS_STAT_H 1
| #define HAVE_SYS_TYPES_H 1
| #define HAVE_UNISTD_H 1
| #define HAVE_SYS_TIME_H 1
| #define STDC_HEADERS 1
| #define TIME_WITH_SYS_TIME 1
| #define HAVE_CTYPE_H 1
| #define HAVE_STRINGS_H 1
| #define HAVE_STDLIB_H 1
| #define HAVE_STRING_H 1
| /* end confdefs.h.  */
| #include <stddef.h>
| #ifdef HAVE_STDIO_H
| # include <stdio.h>
| #endif
| #ifdef HAVE_STDLIB_H
| # include <stdlib.h>
| #endif
| #ifdef HAVE_STRING_H
| # include <string.h>
| #endif
| #ifdef HAVE_INTTYPES_H
| # include <inttypes.h>
| #endif
| #ifdef HAVE_STDINT_H
| # include <stdint.h>
| #endif
| #ifdef HAVE_STRINGS_H
| # include <strings.h>
| #endif
| #ifdef HAVE_SYS_TYPES_H
| # include <sys/types.h>
| #endif
| #ifdef HAVE_SYS_STAT_H
| # include <sys/stat.h>
| #endif
| #ifdef HAVE_UNISTD_H
| # include <unistd.h>
| #endif
| #include <pwd.h>
configure:4005: result: no
configure:4011: checking for sys/time.h
configure:4011: result: yes
configure:4019: checking for realpath
configure:4019: gcc -o conftest.exe -g -O2 -Wall -W  -I/c/Users/awolven/oc/util/swig-3.0.12/pcre/pcre-swig-install/include -DPCRE_STATIC  conftest.c  >&5
C:/msys64/mingw64/bin/../lib/gcc/x86_64-w64-mingw32/10.3.0/../../../../x86_64-w64-mingw32/bin/ld.exe: C:\msys64\tmp\cc4mkxOE.o: in function `main':
C:\Users\awolven\oc\util\swig-3.0.12\CCache/conftest.c:55: undefined reference to `realpath'
collect2.exe: error: ld returned 1 exit status
configure:4019: $? = 1
configure: failed program was:
| /* confdefs.h */
| #define PACKAGE_NAME "ccache-swig"
| #define PACKAGE_TARNAME "ccache-swig"
| #define PACKAGE_VERSION "0.0"
| #define PACKAGE_STRING "ccache-swig 0.0"
| #define PACKAGE_BUGREPORT ""
| #define PACKAGE_URL ""
| #define _GNU_SOURCE 1
| #define HAVE_DIRENT_H 1
| #define HAVE_STDIO_H 1
| #define HAVE_STDLIB_H 1
| #define HAVE_STRING_H 1
| #define HAVE_INTTYPES_H 1
| #define HAVE_STDINT_H 1
| #define HAVE_STRINGS_H 1
| #define HAVE_SYS_STAT_H 1
| #define HAVE_SYS_TYPES_H 1
| #define HAVE_UNISTD_H 1
| #define HAVE_SYS_TIME_H 1
| #define STDC_HEADERS 1
| #define TIME_WITH_SYS_TIME 1
| #define HAVE_CTYPE_H 1
| #define HAVE_STRINGS_H 1
| #define HAVE_STDLIB_H 1
| #define HAVE_STRING_H 1
| #define HAVE_SYS_TIME_H 1
| /* end confdefs.h.  */
| /* Define realpath to an innocuous variant, in case <limits.h> declares realpath.
|    For example, HP-UX 11i <limits.h> declares gettimeofday.  */
| #define realpath innocuous_realpath
| 
| /* System header to define __stub macros and hopefully few prototypes,
|    which can conflict with char realpath (); below.  */
| 
| #include <limits.h>
| #undef realpath
| 
| /* Override any GCC internal prototype to avoid an error.
|    Use char because int might match the return type of a GCC
|    builtin and then its argument prototype would still apply.  */
| #ifdef __cplusplus
| extern "C"
| #endif
| char realpath ();
| /* The GNU C library defines this for functions which it implements
|     to always fail with ENOSYS.  Some functions are actually named
|     something starting with __ and the normal name is an alias.  */
| #if defined __stub_realpath || defined __stub___realpath
| choke me
| #endif
| 
| int
| main (void)
| {
| return realpath ();
|   ;
|   return 0;
| }
configure:4019: result: no
configure:4025: checking for snprintf
configure:4025: gcc -o conftest.exe -g -O2 -Wall -W  -I/c/Users/awolven/oc/util/swig-3.0.12/pcre/pcre-swig-install/include -DPCRE_STATIC  conftest.c  >&5
conftest.c:44:6: warning: conflicting types for built-in function 'snprintf'; expected 'int(char *, long long unsigned int,  const char *, ...)' [-Wbuiltin-declaration-mismatch]
   44 | char snprintf ();
      |      ^~~~~~~~
conftest.c:36:1: note: 'snprintf' is declared in header '<stdio.h>'
   35 | #include <limits.h>
   36 | #undef snprintf
configure:4025: $? = 0
configure:4025: result: yes
configure:4031: checking for vsnprintf
configure:4031: gcc -o conftest.exe -g -O2 -Wall -W  -I/c/Users/awolven/oc/util/swig-3.0.12/pcre/pcre-swig-install/include -DPCRE_STATIC  conftest.c  >&5
conftest.c:45:6: warning: conflicting types for built-in function 'vsnprintf'; expected 'int(char *, long long unsigned int,  const char *, char *)' [-Wbuiltin-declaration-mismatch]
   45 | char vsnprintf ();
      |      ^~~~~~~~~
conftest.c:37:1: note: 'vsnprintf' is declared in header '<stdio.h>'
   36 | #include <limits.h>
   37 | #undef vsnprintf
configure:4031: $? = 0
configure:4031: result: yes
configure:4037: checking for vasprintf
configure:4037: gcc -o conftest.exe -g -O2 -Wall -W  -I/c/Users/awolven/oc/util/swig-3.0.12/pcre/pcre-swig-install/include -DPCRE_STATIC  conftest.c  >&5
configure:4037: $? = 0
configure:4037: result: yes
configure:4043: checking for asprintf
configure:4043: gcc -o conftest.exe -g -O2 -Wall -W  -I/c/Users/awolven/oc/util/swig-3.0.12/pcre/pcre-swig-install/include -DPCRE_STATIC  conftest.c  >&5
configure:4043: $? = 0
configure:4043: result: yes
configure:4049: checking for mkstemp
configure:4049: gcc -o conftest.exe -g -O2 -Wall -W  -I/c/Users/awolven/oc/util/swig-3.0.12/pcre/pcre-swig-install/include -DPCRE_STATIC  conftest.c  >&5
configure:4049: $? = 0
configure:4049: result: yes
configure:4056: checking for gethostname
configure:4056: gcc -o conftest.exe -g -O2 -Wall -W  -I/c/Users/awolven/oc/util/swig-3.0.12/pcre/pcre-swig-install/include -DPCRE_STATIC  conftest.c  >&5
C:/msys64/mingw64/bin/../lib/gcc/x86_64-w64-mingw32/10.3.0/../../../../x86_64-w64-mingw32/bin/ld.exe: C:\msys64\tmp\ccqF45W9.o: in function `main':
C:\Users\awolven\oc\util\swig-3.0.12\CCache/conftest.c:60: undefined reference to `gethostname'
collect2.exe: error: ld returned 1 exit status
configure:4056: $? = 1
configure: failed program was:
| /* confdefs.h */
| #define PACKAGE_NAME "ccache-swig"
| #define PACKAGE_TARNAME "ccache-swig"
| #define PACKAGE_VERSION "0.0"
| #define PACKAGE_STRING "ccache-swig 0.0"
| #define PACKAGE_BUGREPORT ""
| #define PACKAGE_URL ""
| #define _GNU_SOURCE 1
| #define HAVE_DIRENT_H 1
| #define HAVE_STDIO_H 1
| #define HAVE_STDLIB_H 1
| #define HAVE_STRING_H 1
| #define HAVE_INTTYPES_H 1
| #define HAVE_STDINT_H 1
| #define HAVE_STRINGS_H 1
| #define HAVE_SYS_STAT_H 1
| #define HAVE_SYS_TYPES_H 1
| #define HAVE_UNISTD_H 1
| #define HAVE_SYS_TIME_H 1
| #define STDC_HEADERS 1
| #define TIME_WITH_SYS_TIME 1
| #define HAVE_CTYPE_H 1
| #define HAVE_STRINGS_H 1
| #define HAVE_STDLIB_H 1
| #define HAVE_STRING_H 1
| #define HAVE_SYS_TIME_H 1
| #define HAVE_SNPRINTF 1
| #define HAVE_VSNPRINTF 1
| #define HAVE_VASPRINTF 1
| #define HAVE_ASPRINTF 1
| #define HAVE_MKSTEMP 1
| /* end confdefs.h.  */
| /* Define gethostname to an innocuous variant, in case <limits.h> declares gethostname.
|    For example, HP-UX 11i <limits.h> declares gettimeofday.  */
| #define gethostname innocuous_gethostname
| 
| /* System header to define __stub macros and hopefully few prototypes,
|    which can conflict with char gethostname (); below.  */
| 
| #include <limits.h>
| #undef gethostname
| 
| /* Override any GCC internal prototype to avoid an error.
|    Use char because int might match the return type of a GCC
|    builtin and then its argument prototype would still apply.  */
| #ifdef __cplusplus
| extern "C"
| #endif
| char gethostname ();
| /* The GNU C library defines this for functions which it implements
|     to always fail with ENOSYS.  Some functions are actually named
|     something starting with __ and the normal name is an alias.  */
| #if defined __stub_gethostname || defined __stub___gethostname
| choke me
| #endif
| 
| int
| main (void)
| {
| return gethostname ();
|   ;
|   return 0;
| }
configure:4056: result: no
configure:4062: checking for getpwuid
configure:4062: gcc -o conftest.exe -g -O2 -Wall -W  -I/c/Users/awolven/oc/util/swig-3.0.12/pcre/pcre-swig-install/include -DPCRE_STATIC  conftest.c  >&5
C:/msys64/mingw64/bin/../lib/gcc/x86_64-w64-mingw32/10.3.0/../../../../x86_64-w64-mingw32/bin/ld.exe: C:\msys64\tmp\ccIquNwG.o: in function `main':
C:\Users\awolven\oc\util\swig-3.0.12\CCache/conftest.c:60: undefined reference to `getpwuid'
collect2.exe: error: ld returned 1 exit status
configure:4062: $? = 1
configure: failed program was:
| /* confdefs.h */
| #define PACKAGE_NAME "ccache-swig"
| #define PACKAGE_TARNAME "ccache-swig"
| #define PACKAGE_VERSION "0.0"
| #define PACKAGE_STRING "ccache-swig 0.0"
| #define PACKAGE_BUGREPORT ""
| #define PACKAGE_URL ""
| #define _GNU_SOURCE 1
| #define HAVE_DIRENT_H 1
| #define HAVE_STDIO_H 1
| #define HAVE_STDLIB_H 1
| #define HAVE_STRING_H 1
| #define HAVE_INTTYPES_H 1
| #define HAVE_STDINT_H 1
| #define HAVE_STRINGS_H 1
| #define HAVE_SYS_STAT_H 1
| #define HAVE_SYS_TYPES_H 1
| #define HAVE_UNISTD_H 1
| #define HAVE_SYS_TIME_H 1
| #define STDC_HEADERS 1
| #define TIME_WITH_SYS_TIME 1
| #define HAVE_CTYPE_H 1
| #define HAVE_STRINGS_H 1
| #define HAVE_STDLIB_H 1
| #define HAVE_STRING_H 1
| #define HAVE_SYS_TIME_H 1
| #define HAVE_SNPRINTF 1
| #define HAVE_VSNPRINTF 1
| #define HAVE_VASPRINTF 1
| #define HAVE_ASPRINTF 1
| #define HAVE_MKSTEMP 1
| /* end confdefs.h.  */
| /* Define getpwuid to an innocuous variant, in case <limits.h> declares getpwuid.
|    For example, HP-UX 11i <limits.h> declares gettimeofday.  */
| #define getpwuid innocuous_getpwuid
| 
| /* System header to define __stub macros and hopefully few prototypes,
|    which can conflict with char getpwuid (); below.  */
| 
| #include <limits.h>
| #undef getpwuid
| 
| /* Override any GCC internal prototype to avoid an error.
|    Use char because int might match the return type of a GCC
|    builtin and then its argument prototype would still apply.  */
| #ifdef __cplusplus
| extern "C"
| #endif
| char getpwuid ();
| /* The GNU C library defines this for functions which it implements
|     to always fail with ENOSYS.  Some functions are actually named
|     something starting with __ and the normal name is an alias.  */
| #if defined __stub_getpwuid || defined __stub___getpwuid
| choke me
| #endif
| 
| int
| main (void)
| {
| return getpwuid ();
|   ;
|   return 0;
| }
configure:4062: result: no
configure:4069: checking for utimes
configure:4069: gcc -o conftest.exe -g -O2 -Wall -W  -I/c/Users/awolven/oc/util/swig-3.0.12/pcre/pcre-swig-install/include -DPCRE_STATIC  conftest.c  >&5
C:/msys64/mingw64/bin/../lib/gcc/x86_64-w64-mingw32/10.3.0/../../../../x86_64-w64-mingw32/bin/ld.exe: C:\msys64\tmp\cc0z0rQd.o: in function `main':
C:\Users\awolven\oc\util\swig-3.0.12\CCache/conftest.c:60: undefined reference to `utimes'
collect2.exe: error: ld returned 1 exit status
configure:4069: $? = 1
configure: failed program was:
| /* confdefs.h */
| #define PACKAGE_NAME "ccache-swig"
| #define PACKAGE_TARNAME "ccache-swig"
| #define PACKAGE_VERSION "0.0"
| #define PACKAGE_STRING "ccache-swig 0.0"
| #define PACKAGE_BUGREPORT ""
| #define PACKAGE_URL ""
| #define _GNU_SOURCE 1
| #define HAVE_DIRENT_H 1
| #define HAVE_STDIO_H 1
| #define HAVE_STDLIB_H 1
| #define HAVE_STRING_H 1
| #define HAVE_INTTYPES_H 1
| #define HAVE_STDINT_H 1
| #define HAVE_STRINGS_H 1
| #define HAVE_SYS_STAT_H 1
| #define HAVE_SYS_TYPES_H 1
| #define HAVE_UNISTD_H 1
| #define HAVE_SYS_TIME_H 1
| #define STDC_HEADERS 1
| #define TIME_WITH_SYS_TIME 1
| #define HAVE_CTYPE_H 1
| #define HAVE_STRINGS_H 1
| #define HAVE_STDLIB_H 1
| #define HAVE_STRING_H 1
| #define HAVE_SYS_TIME_H 1
| #define HAVE_SNPRINTF 1
| #define HAVE_VSNPRINTF 1
| #define HAVE_VASPRINTF 1
| #define HAVE_ASPRINTF 1
| #define HAVE_MKSTEMP 1
| /* end confdefs.h.  */
| /* Define utimes to an innocuous variant, in case <limits.h> declares utimes.
|    For example, HP-UX 11i <limits.h> declares gettimeofday.  */
| #define utimes innocuous_utimes
| 
| /* System header to define __stub macros and hopefully few prototypes,
|    which can conflict with char utimes (); below.  */
| 
| #include <limits.h>
| #undef utimes
| 
| /* Override any GCC internal prototype to avoid an error.
|    Use char because int might match the return type of a GCC
|    builtin and then its argument prototype would still apply.  */
| #ifdef __cplusplus
| extern "C"
| #endif
| char utimes ();
| /* The GNU C library defines this for functions which it implements
|     to always fail with ENOSYS.  Some functions are actually named
|     something starting with __ and the normal name is an alias.  */
| #if defined __stub_utimes || defined __stub___utimes
| choke me
| #endif
| 
| int
| main (void)
| {
| return utimes ();
|   ;
|   return 0;
| }
configure:4069: result: no
configure:4077: checking for compar_fn_t in stdlib.h
configure:4097: gcc -c -g -O2 -Wall -W  -I/c/Users/awolven/oc/util/swig-3.0.12/pcre/pcre-swig-install/include -DPCRE_STATIC conftest.c >&5
conftest.c: In function 'test_fn':
conftest.c:38:41: error: '__compar_fn_t' undeclared (first use in this function)
   38 | void test_fn(void) { qsort(NULL, 0, 0, (__compar_fn_t)NULL); }
      |                                         ^~~~~~~~~~~~~
conftest.c:38:41: note: each undeclared identifier is reported only once for each function it appears in
At top level:
conftest.c:38:6: warning: 'test_fn' defined but not used [-Wunused-function]
   38 | void test_fn(void) { qsort(NULL, 0, 0, (__compar_fn_t)NULL); }
      |      ^~~~~~~
configure:4097: $? = 1
configure: failed program was:
| /* confdefs.h */
| #define PACKAGE_NAME "ccache-swig"
| #define PACKAGE_TARNAME "ccache-swig"
| #define PACKAGE_VERSION "0.0"
| #define PACKAGE_STRING "ccache-swig 0.0"
| #define PACKAGE_BUGREPORT ""
| #define PACKAGE_URL ""
| #define _GNU_SOURCE 1
| #define HAVE_DIRENT_H 1
| #define HAVE_STDIO_H 1
| #define HAVE_STDLIB_H 1
| #define HAVE_STRING_H 1
| #define HAVE_INTTYPES_H 1
| #define HAVE_STDINT_H 1
| #define HAVE_STRINGS_H 1
| #define HAVE_SYS_STAT_H 1
| #define HAVE_SYS_TYPES_H 1
| #define HAVE_UNISTD_H 1
| #define HAVE_SYS_TIME_H 1
| #define STDC_HEADERS 1
| #define TIME_WITH_SYS_TIME 1
| #define HAVE_CTYPE_H 1
| #define HAVE_STRINGS_H 1
| #define HAVE_STDLIB_H 1
| #define HAVE_STRING_H 1
| #define HAVE_SYS_TIME_H 1
| #define HAVE_SNPRINTF 1
| #define HAVE_VSNPRINTF 1
| #define HAVE_VASPRINTF 1
| #define HAVE_ASPRINTF 1
| #define HAVE_MKSTEMP 1
| /* end confdefs.h.  */
| #include <stdlib.h>
| int
| main (void)
| {
| 
| void test_fn(void) { qsort(NULL, 0, 0, (__compar_fn_t)NULL); }
| 
|   ;
|   return 0;
| }
configure:4105: result: no
configure:4113: checking for C99 vsnprintf
configure:4146: gcc -o conftest.exe -g -O2 -Wall -W  -I/c/Users/awolven/oc/util/swig-3.0.12/pcre/pcre-swig-install/include -DPCRE_STATIC  conftest.c  >&5
conftest.c: In function 'foo':
conftest.c:42:14: warning: implicit declaration of function 'vsnprintf' [-Wimplicit-function-declaration]
   42 |        len = vsnprintf(0, 0, format, ap);
      |              ^~~~~~~~~
conftest.c:42:27: warning: 'vsnprintf' argument 2 type is 'int' where 'long long unsigned int' is expected in a call to built-in function declared without prototype [-Wbuiltin-declaration-mismatch]
   42 |        len = vsnprintf(0, 0, format, ap);
      |                           ^
<built-in>: note: built-in 'vsnprintf' declared here
conftest.c:44:22: warning: implicit declaration of function 'exit' [-Wimplicit-function-declaration]
   44 |        if (len != 5) exit(1);
      |                      ^~~~
conftest.c:44:22: warning: incompatible implicit declaration of built-in function 'exit'
conftest.c:36:1: note: include '<stdlib.h>' or provide a declaration of 'exit'
   35 | #include <stdarg.h>
  +++ |+#include <stdlib.h>
   36 | void foo(const char *format, ...) {
conftest.c:46:12: warning: implicit declaration of function 'snprintf' [-Wimplicit-function-declaration]
   46 |        if (snprintf(buf, 3, "hello") != 5 || strcmp(buf, "he") != 0) exit(1);
      |            ^~~~~~~~
conftest.c:46:12: warning: incompatible implicit declaration of built-in function 'snprintf'
conftest.c:36:1: note: include '<stdio.h>' or provide a declaration of 'snprintf'
   35 | #include <stdarg.h>
  +++ |+#include <stdio.h>
   36 | void foo(const char *format, ...) {
conftest.c:46:46: warning: implicit declaration of function 'strcmp' [-Wimplicit-function-declaration]
   46 |        if (snprintf(buf, 3, "hello") != 5 || strcmp(buf, "he") != 0) exit(1);
      |                                              ^~~~~~
conftest.c:46:70: warning: incompatible implicit declaration of built-in function 'exit'
   46 |        if (snprintf(buf, 3, "hello") != 5 || strcmp(buf, "he") != 0) exit(1);
      |                                                                      ^~~~
conftest.c:46:70: note: include '<stdlib.h>' or provide a declaration of 'exit'
conftest.c:48:8: warning: incompatible implicit declaration of built-in function 'exit'
   48 |        exit(0);
      |        ^~~~
conftest.c:48:8: note: include '<stdlib.h>' or provide a declaration of 'exit'
conftest.c: At top level:
conftest.c:50:1: warning: return type defaults to 'int' [-Wimplicit-int]
   50 | main() { foo("hello"); }
      | ^~~~
conftest.c: In function 'foo':
conftest.c:46:12: warning: 'hello' directive output truncated writing 5 bytes into a region of size 3 [-Wformat-truncation=]
   46 |        if (snprintf(buf, 3, "hello") != 5 || strcmp(buf, "he") != 0) exit(1);
      |            ^~~~~~~~~~~~~~~~~~~~~~~~~
conftest.c:46:12: note: 'snprintf' output 6 bytes into a destination of size 3
configure:4146: $? = 0
configure:4146: ./conftest.exe
configure:4146: $? = 0
configure:4157: result: yes
configure:4175: checking for zlib.h
configure:4175: gcc -c -g -O2 -Wall -W  -I/c/Users/awolven/oc/util/swig-3.0.12/pcre/pcre-swig-install/include -DPCRE_STATIC conftest.c >&5
configure:4175: $? = 0
configure:4175: result: yes
configure:4178: checking for gzdopen in -lz
configure:4201: gcc -o conftest.exe -g -O2 -Wall -W  -I/c/Users/awolven/oc/util/swig-3.0.12/pcre/pcre-swig-install/include -DPCRE_STATIC  conftest.c -lz   >&5
configure:4201: $? = 0
configure:4211: result: yes
configure:4333: creating ./config.status

## ---------------------- ##
## Running config.status. ##
## ---------------------- ##

This file was extended by ccache-swig config.status 0.0, which was
generated by GNU Autoconf 2.71.  Invocation command line was

  CONFIG_FILES    = 
  CONFIG_HEADERS  = 
  CONFIG_LINKS    = 
  CONFIG_COMMANDS = 
  $ ./config.status 

on spoticus

config.status:809: creating Makefile
config.status:809: creating config.h

## ---------------- ##
## Cache variables. ##
## ---------------- ##

ac_cv_c_compiler_gnu=yes
ac_cv_env_CC_set=
ac_cv_env_CC_value=
ac_cv_env_CFLAGS_set=
ac_cv_env_CFLAGS_value=
ac_cv_env_CPPFLAGS_set=set
ac_cv_env_CPPFLAGS_value=' -I/c/Users/awolven/oc/util/swig-3.0.12/pcre/pcre-swig-install/include -DPCRE_STATIC'
ac_cv_env_CPP_set=
ac_cv_env_CPP_value=
ac_cv_env_LDFLAGS_set=set
ac_cv_env_LDFLAGS_value=
ac_cv_env_LIBS_set=
ac_cv_env_LIBS_value=
ac_cv_env_build_alias_set=
ac_cv_env_build_alias_value=
ac_cv_env_host_alias_set=
ac_cv_env_host_alias_value=
ac_cv_env_target_alias_set=
ac_cv_env_target_alias_value=
ac_cv_exeext=.exe
ac_cv_func_asprintf=yes
ac_cv_func_gethostname=no
ac_cv_func_getpwuid=no
ac_cv_func_mkstemp=yes
ac_cv_func_realpath=no
ac_cv_func_snprintf=yes
ac_cv_func_utimes=no
ac_cv_func_vasprintf=yes
ac_cv_func_vsnprintf=yes
ac_cv_header_ctype_h=yes
ac_cv_header_dirent_dirent_h=yes
ac_cv_header_inttypes_h=yes
ac_cv_header_pwd_h=no
ac_cv_header_stdint_h=yes
ac_cv_header_stdio_h=yes
ac_cv_header_stdlib_h=yes
ac_cv_header_string_h=yes
ac_cv_header_strings_h=yes
ac_cv_header_sys_stat_h=yes
ac_cv_header_sys_time_h=yes
ac_cv_header_sys_types_h=yes
ac_cv_header_sys_wait_h=no
ac_cv_header_unistd_h=yes
ac_cv_header_zlib_h=yes
ac_cv_lib_z_gzdopen=yes
ac_cv_objext=o
ac_cv_path_install='/usr/bin/install -c'
ac_cv_prog_CPP='gcc -E'
ac_cv_prog_ac_ct_CC=gcc
ac_cv_prog_cc_c11=
ac_cv_prog_cc_g=yes
ac_cv_prog_cc_stdc=
ac_cv_search_opendir='none required'
ccache_cv_COMPAR_FN_T=no
ccache_cv_HAVE_C99_VSNPRINTF=yes

## ----------------- ##
## Output variables. ##
## ----------------- ##

CC='gcc'
CFLAGS='-g -O2 -Wall -W'
CPP='gcc -E'
CPPFLAGS=' -I/c/Users/awolven/oc/util/swig-3.0.12/pcre/pcre-swig-install/include -DPCRE_STATIC'
DEFS='-DHAVE_CONFIG_H'
ECHO_C=''
ECHO_N='-n'
ECHO_T=''
EXEEXT='.exe'
INSTALL_DATA='${INSTALL} -m 644'
INSTALL_PROGRAM='${INSTALL}'
INSTALL_SCRIPT='${INSTALL}'
LDFLAGS=''
LIBOBJS=''
LIBS='-lz '
LTLIBOBJS=''
OBJEXT='o'
PACKAGE_BUGREPORT=''
PACKAGE_NAME='ccache-swig'
PACKAGE_STRING='ccache-swig 0.0'
PACKAGE_TARNAME='ccache-swig'
PACKAGE_URL=''
PACKAGE_VERSION='0.0'
PATH_SEPARATOR=':'
SHELL='/bin/sh'
ac_ct_CC='gcc'
bindir='${exec_prefix}/bin'
build_alias='x86_64-w64-mingw32'
datadir='${datarootdir}'
datarootdir='${prefix}/share'
docdir='${datarootdir}/doc/${PACKAGE_TARNAME}'
dvidir='${docdir}'
exec_prefix='${prefix}'
host_alias=''
htmldir='${docdir}'
includedir='${prefix}/include'
infodir='${datarootdir}/info'
libdir='${exec_prefix}/lib'
libexecdir='${exec_prefix}/libexec'
localedir='${datarootdir}/locale'
localstatedir='${prefix}/var'
mandir='${datarootdir}/man'
oldincludedir='/usr/include'
pdfdir='${docdir}'
prefix='/mingw64'
program_transform_name='s,x,x,'
psdir='${docdir}'
runstatedir='${localstatedir}/run'
sbindir='${exec_prefix}/sbin'
sharedstatedir='${prefix}/com'
sysconfdir='${prefix}/etc'
target_alias=''

## ----------- ##
## confdefs.h. ##
## ----------- ##

/* confdefs.h */
#define PACKAGE_NAME "ccache-swig"
#define PACKAGE_TARNAME "ccache-swig"
#define PACKAGE_VERSION "0.0"
#define PACKAGE_STRING "ccache-swig 0.0"
#define PACKAGE_BUGREPORT ""
#define PACKAGE_URL ""
#define _GNU_SOURCE 1
#define HAVE_DIRENT_H 1
#define HAVE_STDIO_H 1
#define HAVE_STDLIB_H 1
#define HAVE_STRING_H 1
#define HAVE_INTTYPES_H 1
#define HAVE_STDINT_H 1
#define HAVE_STRINGS_H 1
#define HAVE_SYS_STAT_H 1
#define HAVE_SYS_TYPES_H 1
#define HAVE_UNISTD_H 1
#define HAVE_SYS_TIME_H 1
#define STDC_HEADERS 1
#define TIME_WITH_SYS_TIME 1
#define HAVE_CTYPE_H 1
#define HAVE_STRINGS_H 1
#define HAVE_STDLIB_H 1
#define HAVE_STRING_H 1
#define HAVE_SYS_TIME_H 1
#define HAVE_SNPRINTF 1
#define HAVE_VSNPRINTF 1
#define HAVE_VASPRINTF 1
#define HAVE_ASPRINTF 1
#define HAVE_MKSTEMP 1
#define HAVE_C99_VSNPRINTF 1
#define ENABLE_ZLIB 1

configure: exit 0
