This file contains any messages produced by compilers while
running configure, to aid debugging if configure makes a mistake.

It was created by PCRE configure 8.45, which was
generated by GNU Autoconf 2.71.  Invocation command line was

  $ ./configure --prefix=/c/Users/awolven/oc/util/swig-3.0.12/pcre/pcre-swig-install --disable-shared

## --------- ##
## Platform. ##
## --------- ##

hostname = spoticus
uname -m = x86_64
uname -r = 3.2.0-340.x86_64
uname -s = MINGW64_NT-10.0-22000
uname -v = 2021-08-02 16:30 UTC

/usr/bin/uname -p = unknown
/bin/uname -X     = unknown

/bin/arch              = x86_64
/usr/bin/arch -k       = unknown
/usr/convex/getsysinfo = unknown
/usr/bin/hostinfo      = unknown
/bin/machine           = unknown
/usr/bin/oslevel       = unknown
/bin/universe          = unknown

PATH: /mingw64/bin/
PATH: /usr/local/bin/
PATH: /usr/bin/
PATH: /bin/
PATH: /c/Windows/System32/
PATH: /c/Windows/
PATH: /c/Windows/System32/Wbem/
PATH: /c/Windows/System32/WindowsPowerShell/v1.0/
PATH: /usr/bin/site_perl/
PATH: /usr/bin/vendor_perl/
PATH: /usr/bin/core_perl/


## ----------- ##
## Core tests. ##
## ----------- ##

configure:2512: loading site script /etc/config.site
| # This file is in public domain.
| # Original author: Karlson2k (Evgeny Grin)
| # Written for MSys2 to help running 'configure' scripts
| 
| # Defaults for MSys2/MinGW64-targeted programs
| 
| # Set proper selfname on bash and fallback to default name on other shells
| test -n "${BASH_SOURCE}" 2>/dev/null && config_site_me="${BASH_SOURCE[0]##*/}" || config_site_me=config.site
| 
| # Set default 'host' to speedup configure
| if test -z "$build_alias"; then
|   build_alias="${MSYSTEM_CHOST}"  && \
|     ${as_echo-echo} "$config_site_me:${as_lineno-$LINENO}: default build_alias set to $build_alias" >&5
| fi
| 
| # Set default 'prefix'
| if ( test -z "$prefix" || test "x$prefix" = "xNONE" ) && \
|     ( test -z "$exec_prefix" || test "x$exec_prefix" = "xNONE" ); then
|   prefix="${MSYSTEM_PREFIX}" && \
|     ${as_echo-echo} "$config_site_me:${as_lineno-$LINENO}: default prefix set to $prefix" >&5
| ficonfig.site:13: default build_alias set to x86_64-w64-mingw32
configure:3087: looking for aux files: ltmain.sh config.guess config.sub compile ar-lib missing install-sh
configure:3100:  trying ./
configure:3129:   ./ltmain.sh found
configure:3129:   ./config.guess found
configure:3129:   ./config.sub found
configure:3129:   ./compile found
configure:3129:   ./ar-lib found
configure:3129:   ./missing found
configure:3111:   ./install-sh found
configure:3259: checking for a BSD-compatible install
configure:3332: result: /usr/bin/install -c
configure:3343: checking whether build environment is sane
configure:3398: result: yes
configure:3557: checking for a race-free mkdir -p
configure:3601: result: /usr/bin/mkdir -p
configure:3608: checking for gawk
configure:3629: found /usr/bin/gawk
configure:3640: result: gawk
configure:3651: checking whether make sets $(MAKE)
configure:3674: result: yes
configure:3704: checking whether make supports nested variables
configure:3722: result: yes
configure:3856: checking whether make supports nested variables
configure:3874: result: yes
configure:3902: checking whether make supports the include directive
configure:3917: make -f confmf.GNU && cat confinc.out
this is the am__doit target
configure:3920: $? = 0
configure:3939: result: yes (GNU style)
configure:4015: checking for gcc
configure:4036: found /mingw64/bin/gcc
configure:4047: result: gcc
configure:4400: checking for C compiler version
configure:4409: gcc --version >&5
gcc.exe (Rev5, Built by MSYS2 project) 10.3.0
Copyright (C) 2020 Free Software Foundation, Inc.
This is free software; see the source for copying conditions.  There is NO
warranty; not even for MERCHANTABILITY or FITNESS FOR A PARTICULAR PURPOSE.

configure:4420: $? = 0
configure:4409: gcc -v >&5
Using built-in specs.
COLLECT_GCC=C:\msys64\mingw64\bin\gcc.exe
COLLECT_LTO_WRAPPER=C:/msys64/mingw64/bin/../lib/gcc/x86_64-w64-mingw32/10.3.0/lto-wrapper.exe
Target: x86_64-w64-mingw32
Configured with: ../gcc-10.3.0/configure --prefix=/mingw64 --with-local-prefix=/mingw64/local --build=x86_64-w64-mingw32 --host=x86_64-w64-mingw32 --target=x86_64-w64-mingw32 --with-native-system-header-dir=/mingw64/x86_64-w64-mingw32/include --libexecdir=/mingw64/lib --enable-bootstrap --enable-checking=release --with-arch=x86-64 --with-tune=generic --enable-languages=c,lto,c++,fortran,ada,objc,obj-c++,jit --enable-shared --enable-static --enable-libatomic --enable-threads=posix --enable-graphite --enable-fully-dynamic-string --enable-libstdcxx-filesystem-ts=yes --enable-libstdcxx-time=yes --disable-libstdcxx-pch --disable-libstdcxx-debug --enable-lto --enable-libgomp --disable-multilib --disable-rpath --disable-win32-registry --disable-nls --disable-werror --disable-symvers --with-libiconv --with-system-zlib --with-gmp=/mingw64 --with-mpfr=/mingw64 --with-mpc=/mingw64 --with-isl=/mingw64 --with-pkgversion='Rev5, Built by MSYS2 project' --with-bugurl=https://github.com/msys2/MINGW-packages/issues --with-gnu-as --with-gnu-ld --with-boot-ldflags='-pipe -Wl,--dynamicbase,--high-entropy-va,--nxcompat,--default-image-base-high -Wl,--disable-dynamicbase -static-libstdc++ -static-libgcc' 'LDFLAGS_FOR_TARGET=-pipe -Wl,--dynamicbase,--high-entropy-va,--nxcompat,--default-image-base-high' --enable-linker-plugin-flags='LDFLAGS=-static-libstdc++\ -static-libgcc\ -pipe\ -Wl,--dynamicbase,--high-entropy-va,--nxcompat,--default-image-base-high\ -Wl,--stack,12582912'
Thread model: posix
Supported LTO compression algorithms: zlib zstd
gcc version 10.3.0 (Rev5, Built by MSYS2 project) 
configure:4420: $? = 0
configure:4409: gcc -V >&5
gcc.exe: error: unrecognized command-line option '-V'
gcc.exe: fatal error: no input files
compilation terminated.
configure:4420: $? = 1
configure:4409: gcc -qversion >&5
gcc.exe: error: unrecognized command-line option '-qversion'; did you mean '--version'?
gcc.exe: fatal error: no input files
compilation terminated.
configure:4420: $? = 1
configure:4409: gcc -version >&5
gcc.exe: error: unrecognized command-line option '-version'
gcc.exe: fatal error: no input files
compilation terminated.
configure:4420: $? = 1
configure:4440: checking whether the C compiler works
configure:4462: gcc    conftest.c  >&5
configure:4466: $? = 0
configure:4516: result: yes
configure:4519: checking for C compiler default output file name
configure:4521: result: a.exe
configure:4527: checking for suffix of executables
configure:4534: gcc -o conftest.exe    conftest.c  >&5
configure:4538: $? = 0
configure:4561: result: .exe
configure:4583: checking whether we are cross compiling
configure:4591: gcc -o conftest.exe    conftest.c  >&5
configure:4595: $? = 0
configure:4602: ./conftest.exe
configure:4606: $? = 0
configure:4621: result: no
configure:4626: checking for suffix of object files
configure:4649: gcc -c   conftest.c >&5
configure:4653: $? = 0
configure:4675: result: o
configure:4679: checking whether the compiler supports GNU C
configure:4699: gcc -c   conftest.c >&5
configure:4699: $? = 0
configure:4709: result: yes
configure:4720: checking whether gcc accepts -g
configure:4741: gcc -c -g  conftest.c >&5
configure:4741: $? = 0
configure:4785: result: yes
configure:4805: checking for gcc option to enable C11 features
configure:4820: gcc  -c -g -O2  conftest.c >&5
configure:4820: $? = 0
configure:4838: result: none needed
configure:4954: checking whether gcc understands -c and -o together
configure:4977: gcc -c conftest.c -o conftest2.o
configure:4980: $? = 0
configure:4977: gcc -c conftest.c -o conftest2.o
configure:4980: $? = 0
configure:4992: result: yes
configure:5011: checking dependency style of gcc
configure:5123: result: gcc3
configure:5194: checking for ar
configure:5215: found /mingw64/bin/ar
configure:5226: result: ar
configure:5252: checking the archiver (ar) interface
configure:5269: gcc -c -g -O2  conftest.c >&5
configure:5269: $? = 0
configure:5272: ar cru libconftest.a conftest.o >&5
C:\msys64\mingw64\bin\ar.exe: `u' modifier ignored since `D' is the default (see `U')
configure:5275: $? = 0
configure:5303: result: ar
configure:5393: checking for gcc
configure:5425: result: gcc
configure:5778: checking for C compiler version
configure:5787: gcc --version >&5
gcc.exe (Rev5, Built by MSYS2 project) 10.3.0
Copyright (C) 2020 Free Software Foundation, Inc.
This is free software; see the source for copying conditions.  There is NO
warranty; not even for MERCHANTABILITY or FITNESS FOR A PARTICULAR PURPOSE.

configure:5798: $? = 0
configure:5787: gcc -v >&5
Using built-in specs.
COLLECT_GCC=C:\msys64\mingw64\bin\gcc.exe
COLLECT_LTO_WRAPPER=C:/msys64/mingw64/bin/../lib/gcc/x86_64-w64-mingw32/10.3.0/lto-wrapper.exe
Target: x86_64-w64-mingw32
Configured with: ../gcc-10.3.0/configure --prefix=/mingw64 --with-local-prefix=/mingw64/local --build=x86_64-w64-mingw32 --host=x86_64-w64-mingw32 --target=x86_64-w64-mingw32 --with-native-system-header-dir=/mingw64/x86_64-w64-mingw32/include --libexecdir=/mingw64/lib --enable-bootstrap --enable-checking=release --with-arch=x86-64 --with-tune=generic --enable-languages=c,lto,c++,fortran,ada,objc,obj-c++,jit --enable-shared --enable-static --enable-libatomic --enable-threads=posix --enable-graphite --enable-fully-dynamic-string --enable-libstdcxx-filesystem-ts=yes --enable-libstdcxx-time=yes --disable-libstdcxx-pch --disable-libstdcxx-debug --enable-lto --enable-libgomp --disable-multilib --disable-rpath --disable-win32-registry --disable-nls --disable-werror --disable-symvers --with-libiconv --with-system-zlib --with-gmp=/mingw64 --with-mpfr=/mingw64 --with-mpc=/mingw64 --with-isl=/mingw64 --with-pkgversion='Rev5, Built by MSYS2 project' --with-bugurl=https://github.com/msys2/MINGW-packages/issues --with-gnu-as --with-gnu-ld --with-boot-ldflags='-pipe -Wl,--dynamicbase,--high-entropy-va,--nxcompat,--default-image-base-high -Wl,--disable-dynamicbase -static-libstdc++ -static-libgcc' 'LDFLAGS_FOR_TARGET=-pipe -Wl,--dynamicbase,--high-entropy-va,--nxcompat,--default-image-base-high' --enable-linker-plugin-flags='LDFLAGS=-static-libstdc++\ -static-libgcc\ -pipe\ -Wl,--dynamicbase,--high-entropy-va,--nxcompat,--default-image-base-high\ -Wl,--stack,12582912'
Thread model: posix
Supported LTO compression algorithms: zlib zstd
gcc version 10.3.0 (Rev5, Built by MSYS2 project) 
configure:5798: $? = 0
configure:5787: gcc -V >&5
gcc.exe: error: unrecognized command-line option '-V'
gcc.exe: fatal error: no input files
compilation terminated.
configure:5798: $? = 1
configure:5787: gcc -qversion >&5
gcc.exe: error: unrecognized command-line option '-qversion'; did you mean '--version'?
gcc.exe: fatal error: no input files
compilation terminated.
configure:5798: $? = 1
configure:5787: gcc -version >&5
gcc.exe: error: unrecognized command-line option '-version'
gcc.exe: fatal error: no input files
compilation terminated.
configure:5798: $? = 1
configure:5802: checking whether the compiler supports GNU C
configure:5832: result: yes
configure:5843: checking whether gcc accepts -g
configure:5908: result: yes
configure:5928: checking for gcc option to enable C11 features
configure:5961: result: none needed
configure:6077: checking whether gcc understands -c and -o together
configure:6115: result: yes
configure:6134: checking dependency style of gcc
configure:6246: result: gcc3
configure:6330: checking for g++
configure:6351: found /mingw64/bin/g++
configure:6362: result: g++
configure:6389: checking for C++ compiler version
configure:6398: g++ --version >&5
g++.exe (Rev5, Built by MSYS2 project) 10.3.0
Copyright (C) 2020 Free Software Foundation, Inc.
This is free software; see the source for copying conditions.  There is NO
warranty; not even for MERCHANTABILITY or FITNESS FOR A PARTICULAR PURPOSE.

configure:6409: $? = 0
configure:6398: g++ -v >&5
Using built-in specs.
COLLECT_GCC=C:\msys64\mingw64\bin\g++.exe
COLLECT_LTO_WRAPPER=C:/msys64/mingw64/bin/../lib/gcc/x86_64-w64-mingw32/10.3.0/lto-wrapper.exe
Target: x86_64-w64-mingw32
Configured with: ../gcc-10.3.0/configure --prefix=/mingw64 --with-local-prefix=/mingw64/local --build=x86_64-w64-mingw32 --host=x86_64-w64-mingw32 --target=x86_64-w64-mingw32 --with-native-system-header-dir=/mingw64/x86_64-w64-mingw32/include --libexecdir=/mingw64/lib --enable-bootstrap --enable-checking=release --with-arch=x86-64 --with-tune=generic --enable-languages=c,lto,c++,fortran,ada,objc,obj-c++,jit --enable-shared --enable-static --enable-libatomic --enable-threads=posix --enable-graphite --enable-fully-dynamic-string --enable-libstdcxx-filesystem-ts=yes --enable-libstdcxx-time=yes --disable-libstdcxx-pch --disable-libstdcxx-debug --enable-lto --enable-libgomp --disable-multilib --disable-rpath --disable-win32-registry --disable-nls --disable-werror --disable-symvers --with-libiconv --with-system-zlib --with-gmp=/mingw64 --with-mpfr=/mingw64 --with-mpc=/mingw64 --with-isl=/mingw64 --with-pkgversion='Rev5, Built by MSYS2 project' --with-bugurl=https://github.com/msys2/MINGW-packages/issues --with-gnu-as --with-gnu-ld --with-boot-ldflags='-pipe -Wl,--dynamicbase,--high-entropy-va,--nxcompat,--default-image-base-high -Wl,--disable-dynamicbase -static-libstdc++ -static-libgcc' 'LDFLAGS_FOR_TARGET=-pipe -Wl,--dynamicbase,--high-entropy-va,--nxcompat,--default-image-base-high' --enable-linker-plugin-flags='LDFLAGS=-static-libstdc++\ -static-libgcc\ -pipe\ -Wl,--dynamicbase,--high-entropy-va,--nxcompat,--default-image-base-high\ -Wl,--stack,12582912'
Thread model: posix
Supported LTO compression algorithms: zlib zstd
gcc version 10.3.0 (Rev5, Built by MSYS2 project) 
configure:6409: $? = 0
configure:6398: g++ -V >&5
g++.exe: error: unrecognized command-line option '-V'
g++.exe: fatal error: no input files
compilation terminated.
configure:6409: $? = 1
configure:6398: g++ -qversion >&5
g++.exe: error: unrecognized command-line option '-qversion'; did you mean '--version'?
g++.exe: fatal error: no input files
compilation terminated.
configure:6409: $? = 1
configure:6413: checking whether the compiler supports GNU C++
configure:6433: g++ -c   conftest.cpp >&5
configure:6433: $? = 0
configure:6443: result: yes
configure:6454: checking whether g++ accepts -g
configure:6475: g++ -c -g  conftest.cpp >&5
configure:6475: $? = 0
configure:6519: result: yes
configure:6539: checking for g++ option to enable C++11 features
configure:6554: g++  -c -g -O2  conftest.cpp >&5
configure:6554: $? = 0
configure:6572: result: none needed
configure:6638: checking dependency style of g++
configure:6750: result: gcc3
configure:6809: g++ -c -O2  conftest.cpp >&5
configure:6809: $? = 0
configure:6828: checking for stdio.h
configure:6828: gcc -c -g -O2  conftest.c >&5
configure:6828: $? = 0
configure:6828: result: yes
configure:6828: checking for stdlib.h
configure:6828: gcc -c -g -O2  conftest.c >&5
configure:6828: $? = 0
configure:6828: result: yes
configure:6828: checking for string.h
configure:6828: gcc -c -g -O2  conftest.c >&5
configure:6828: $? = 0
configure:6828: result: yes
configure:6828: checking for inttypes.h
configure:6828: gcc -c -g -O2  conftest.c >&5
configure:6828: $? = 0
configure:6828: result: yes
configure:6828: checking for stdint.h
configure:6828: gcc -c -g -O2  conftest.c >&5
configure:6828: $? = 0
configure:6828: result: yes
configure:6828: checking for strings.h
configure:6828: gcc -c -g -O2  conftest.c >&5
configure:6828: $? = 0
configure:6828: result: yes
configure:6828: checking for sys/stat.h
configure:6828: gcc -c -g -O2  conftest.c >&5
configure:6828: $? = 0
configure:6828: result: yes
configure:6828: checking for sys/types.h
configure:6828: gcc -c -g -O2  conftest.c >&5
configure:6828: $? = 0
configure:6828: result: yes
configure:6828: checking for unistd.h
configure:6828: gcc -c -g -O2  conftest.c >&5
configure:6828: $? = 0
configure:6828: result: yes
configure:6853: checking for int64_t
configure:6853: gcc -c -g -O2  conftest.c >&5
configure:6853: $? = 0
configure:6853: gcc -c -g -O2  conftest.c >&5
conftest.c: In function 'main':
conftest.c:54:53: warning: integer overflow in expression of type 'long long int' results in '-9223372036854775808' [-Woverflow]
   54 |    < (int64_t) (((((int64_t) 1 << N) << N) - 1) * 2 + 2))];
      |                                                     ^
conftest.c:53:12: error: storage size of 'test_array' isn't constant
   53 | static int test_array [1 - 2 * !((int64_t) (((((int64_t) 1 << N) << N) - 1) * 2 + 1)
      |            ^~~~~~~~~~
configure:6853: $? = 1
configure: failed program was:
| /* confdefs.h */
| #define PACKAGE_NAME "PCRE"
| #define PACKAGE_TARNAME "pcre"
| #define PACKAGE_VERSION "8.45"
| #define PACKAGE_STRING "PCRE 8.45"
| #define PACKAGE_BUGREPORT ""
| #define PACKAGE_URL ""
| #define PACKAGE "pcre"
| #define VERSION "8.45"
| #define HAVE_STDIO_H 1
| #define HAVE_STDLIB_H 1
| #define HAVE_STRING_H 1
| #define HAVE_INTTYPES_H 1
| #define HAVE_STDINT_H 1
| #define HAVE_STRINGS_H 1
| #define HAVE_SYS_STAT_H 1
| #define HAVE_SYS_TYPES_H 1
| #define HAVE_UNISTD_H 1
| #define STDC_HEADERS 1
| /* end confdefs.h.  */
| #include <stddef.h>
| #ifdef HAVE_STDIO_H
| # include <stdio.h>
| #endif
| #ifdef HAVE_STDLIB_H
| # include <stdlib.h>
| #endif
| #ifdef HAVE_STRING_H
| # include <string.h>
| #endif
| #ifdef HAVE_INTTYPES_H
| # include <inttypes.h>
| #endif
| #ifdef HAVE_STDINT_H
| # include <stdint.h>
| #endif
| #ifdef HAVE_STRINGS_H
| # include <strings.h>
| #endif
| #ifdef HAVE_SYS_TYPES_H
| # include <sys/types.h>
| #endif
| #ifdef HAVE_SYS_STAT_H
| # include <sys/stat.h>
| #endif
| #ifdef HAVE_UNISTD_H
| # include <unistd.h>
| #endif
| 	        enum { N = 64 / 2 - 1 };
| int
| main (void)
| {
| static int test_array [1 - 2 * !((int64_t) (((((int64_t) 1 << N) << N) - 1) * 2 + 1)
| 		 < (int64_t) (((((int64_t) 1 << N) << N) - 1) * 2 + 2))];
| test_array [0] = 0;
| return test_array [0];
| 
|   ;
|   return 0;
| }
configure:6853: result: yes
configure:6870: checking build system type
configure:6885: result: x86_64-w64-mingw32
configure:6905: checking host system type
configure:6919: result: x86_64-w64-mingw32
configure:6991: checking for as
configure:7012: found /mingw64/bin/as
configure:7023: result: as
configure:7093: checking for dlltool
configure:7114: found /mingw64/bin/dlltool
configure:7125: result: dlltool
configure:7195: checking for objdump
configure:7216: found /mingw64/bin/objdump
configure:7227: result: objdump
configure:7319: checking how to print strings
configure:7346: result: printf
configure:7367: checking for a sed that does not truncate output
configure:7437: result: /usr/bin/sed
configure:7455: checking for grep that handles long lines and -e
configure:7519: result: /usr/bin/grep
configure:7524: checking for egrep
configure:7592: result: /usr/bin/grep -E
configure:7597: checking for fgrep
configure:7665: result: /usr/bin/grep -F
configure:7701: checking for ld used by gcc
configure:7769: result: C:/msys64/mingw64/x86_64-w64-mingw32/bin/ld.exe
configure:7776: checking if the linker (C:/msys64/mingw64/x86_64-w64-mingw32/bin/ld.exe) is GNU ld
configure:7792: result: yes
configure:7804: checking for BSD- or MS-compatible name lister (nm)
configure:7859: result: /mingw64/bin/nm -B
configure:7999: checking the name lister (/mingw64/bin/nm -B) interface
configure:8007: gcc -c -g -O2  conftest.c >&5
configure:8010: /mingw64/bin/nm -B "conftest.o"
configure:8013: output
0000000000000000 b .bss
0000000000000000 d .data
0000000000000000 N .debug_abbrev
0000000000000000 N .debug_aranges
0000000000000000 N .debug_info
0000000000000000 N .debug_line
0000000000000000 r .rdata$zzz
0000000000000000 t .text
0000000000000000 B some_variable
configure:8020: result: BSD nm
configure:8023: checking whether ln -s works
configure:8030: result: no, using cp -pR
configure:8035: checking the maximum length of command line arguments
configure:8167: result: 8192
configure:8215: checking how to convert x86_64-w64-mingw32 file names to x86_64-w64-mingw32 format
configure:8256: result: func_convert_file_msys_to_w32
configure:8263: checking how to convert x86_64-w64-mingw32 file names to toolchain format
configure:8284: result: func_convert_file_msys_to_w32
configure:8291: checking for C:/msys64/mingw64/x86_64-w64-mingw32/bin/ld.exe option to reload object files
configure:8299: result: -r
configure:8378: checking for objdump
configure:8410: result: objdump
configure:8439: checking how to recognize dependent libraries
configure:8640: result: file_magic ^x86 archive import|^x86 DLL
configure:8730: checking for dlltool
configure:8762: result: dlltool
configure:8792: checking how to associate runtime and link libraries
configure:8820: result: func_cygming_dll_for_implib
configure:8970: checking for archiver @FILE support
configure:8988: gcc -c -g -O2  conftest.c >&5
configure:8988: $? = 0
configure:8992: ar cr libconftest.a @conftest.lst >&5
configure:8995: $? = 0
configure:9000: ar cr libconftest.a @conftest.lst >&5
C:\msys64\mingw64\bin\ar.exe: conftest.o: No such file or directory
configure:9003: $? = 1
configure:9015: result: @
configure:9078: checking for strip
configure:9099: found /mingw64/bin/strip
configure:9110: result: strip
configure:9187: checking for ranlib
configure:9208: found /mingw64/bin/ranlib
configure:9219: result: ranlib
configure:9321: checking command to parse /mingw64/bin/nm -B output from gcc object
configure:9475: gcc -c -g -O2  conftest.c >&5
configure:9478: $? = 0
configure:9482: /mingw64/bin/nm -B conftest.o \| sed -n -e 's/^.*[ ]\([ABCDGIRSTW][ABCDGIRSTW]*\)[ ][ ]*\([_A-Za-z][_A-Za-z0-9]*\)\{0,1\}$/\1 \2 \2/p' | sed '/ __gnu_lto/d' \> conftest.nm
configure:9485: $? = 0
configure:9551: gcc -o conftest.exe -g -O2   conftest.c conftstm.o >&5
configure:9554: $? = 0
configure:9592: result: ok
configure:9639: checking for sysroot
configure:9670: result: no
configure:9677: checking for a working dd
configure:9721: result: /usr/bin/dd
configure:9725: checking how to truncate binary pipes
configure:9741: result: /usr/bin/dd bs=4096 count=1
configure:10078: checking for mt
configure:10113: result: no
configure:10133: checking if : is a manifest tool
configure:10140: : '-?'
configure:10148: result: no
configure:10874: checking for dlfcn.h
configure:10874: gcc -c -g -O2  conftest.c >&5
conftest.c:50:10: fatal error: dlfcn.h: No such file or directory
   50 | #include <dlfcn.h>
      |          ^~~~~~~~~
compilation terminated.
configure:10874: $? = 1
configure: failed program was:
| /* confdefs.h */
| #define PACKAGE_NAME "PCRE"
| #define PACKAGE_TARNAME "pcre"
| #define PACKAGE_VERSION "8.45"
| #define PACKAGE_STRING "PCRE 8.45"
| #define PACKAGE_BUGREPORT ""
| #define PACKAGE_URL ""
| #define PACKAGE "pcre"
| #define VERSION "8.45"
| #define HAVE_STDIO_H 1
| #define HAVE_STDLIB_H 1
| #define HAVE_STRING_H 1
| #define HAVE_INTTYPES_H 1
| #define HAVE_STDINT_H 1
| #define HAVE_STRINGS_H 1
| #define HAVE_SYS_STAT_H 1
| #define HAVE_SYS_TYPES_H 1
| #define HAVE_UNISTD_H 1
| #define STDC_HEADERS 1
| /* end confdefs.h.  */
| #include <stddef.h>
| #ifdef HAVE_STDIO_H
| # include <stdio.h>
| #endif
| #ifdef HAVE_STDLIB_H
| # include <stdlib.h>
| #endif
| #ifdef HAVE_STRING_H
| # include <string.h>
| #endif
| #ifdef HAVE_INTTYPES_H
| # include <inttypes.h>
| #endif
| #ifdef HAVE_STDINT_H
| # include <stdint.h>
| #endif
| #ifdef HAVE_STRINGS_H
| # include <strings.h>
| #endif
| #ifdef HAVE_SYS_TYPES_H
| # include <sys/types.h>
| #endif
| #ifdef HAVE_SYS_STAT_H
| # include <sys/stat.h>
| #endif
| #ifdef HAVE_UNISTD_H
| # include <unistd.h>
| #endif
| 
| #include <dlfcn.h>
configure:10874: result: no
configure:11141: checking for objdir
configure:11157: result: .libs
configure:11421: checking if gcc supports -fno-rtti -fno-exceptions
configure:11440: gcc -c -g -O2  -fno-rtti -fno-exceptions conftest.c >&5
cc1.exe: warning: command-line option '-fno-rtti' is valid for C++/D/ObjC++ but not for C
configure:11444: $? = 0
configure:11457: result: no
configure:11815: checking for gcc option to produce PIC
configure:11823: result: -DDLL_EXPORT -DPIC
configure:11831: checking if gcc PIC flag -DDLL_EXPORT -DPIC works
configure:11850: gcc -c -g -O2  -DDLL_EXPORT -DPIC -DPIC conftest.c >&5
configure:11854: $? = 0
configure:11867: result: yes
configure:11896: checking if gcc static flag -static works
configure:11925: result: yes
configure:11940: checking if gcc supports -c -o file.o
configure:11962: gcc -c -g -O2  -o out/conftest2.o conftest.c >&5
configure:11966: $? = 0
configure:11988: result: yes
configure:11996: checking if gcc supports -c -o file.o
configure:12044: result: yes
configure:12077: checking whether the gcc linker (C:/msys64/mingw64/x86_64-w64-mingw32/bin/ld.exe) supports shared libraries
configure:13345: result: yes
configure:13586: checking dynamic linker characteristics
configure:14407: result: Win32 ld.exe
configure:14529: checking how to hardcode library paths into programs
configure:14554: result: immediate
configure:15106: checking whether stripping libraries is possible
configure:15115: result: yes
configure:15157: checking if libtool supports shared libraries
configure:15159: result: yes
configure:15162: checking whether to build shared libraries
configure:15187: result: no
configure:15190: checking whether to build static libraries
configure:15194: result: yes
configure:15217: checking how to run the C++ preprocessor
configure:15239: g++ -E  conftest.cpp
configure:15239: $? = 0
configure:15254: g++ -E  conftest.cpp
conftest.cpp:22:10: fatal error: ac_nonexistent.h: No such file or directory
   22 | #include <ac_nonexistent.h>
      |          ^~~~~~~~~~~~~~~~~~
compilation terminated.
configure:15254: $? = 1
configure: failed program was:
| /* confdefs.h */
| #define PACKAGE_NAME "PCRE"
| #define PACKAGE_TARNAME "pcre"
| #define PACKAGE_VERSION "8.45"
| #define PACKAGE_STRING "PCRE 8.45"
| #define PACKAGE_BUGREPORT ""
| #define PACKAGE_URL ""
| #define PACKAGE "pcre"
| #define VERSION "8.45"
| #define HAVE_STDIO_H 1
| #define HAVE_STDLIB_H 1
| #define HAVE_STRING_H 1
| #define HAVE_INTTYPES_H 1
| #define HAVE_STDINT_H 1
| #define HAVE_STRINGS_H 1
| #define HAVE_SYS_STAT_H 1
| #define HAVE_SYS_TYPES_H 1
| #define HAVE_UNISTD_H 1
| #define STDC_HEADERS 1
| #define LT_OBJDIR ".libs/"
| /* end confdefs.h.  */
| #include <ac_nonexistent.h>
configure:15281: result: g++ -E
configure:15295: g++ -E  conftest.cpp
configure:15295: $? = 0
configure:15310: g++ -E  conftest.cpp
conftest.cpp:22:10: fatal error: ac_nonexistent.h: No such file or directory
   22 | #include <ac_nonexistent.h>
      |          ^~~~~~~~~~~~~~~~~~
compilation terminated.
configure:15310: $? = 1
configure: failed program was:
| /* confdefs.h */
| #define PACKAGE_NAME "PCRE"
| #define PACKAGE_TARNAME "pcre"
| #define PACKAGE_VERSION "8.45"
| #define PACKAGE_STRING "PCRE 8.45"
| #define PACKAGE_BUGREPORT ""
| #define PACKAGE_URL ""
| #define PACKAGE "pcre"
| #define VERSION "8.45"
| #define HAVE_STDIO_H 1
| #define HAVE_STDLIB_H 1
| #define HAVE_STRING_H 1
| #define HAVE_INTTYPES_H 1
| #define HAVE_STDINT_H 1
| #define HAVE_STRINGS_H 1
| #define HAVE_SYS_STAT_H 1
| #define HAVE_SYS_TYPES_H 1
| #define HAVE_UNISTD_H 1
| #define STDC_HEADERS 1
| #define LT_OBJDIR ".libs/"
| /* end confdefs.h.  */
| #include <ac_nonexistent.h>
configure:15475: checking for ld used by g++
configure:15543: result: C:/msys64/mingw64/x86_64-w64-mingw32/bin/ld.exe
configure:15550: checking if the linker (C:/msys64/mingw64/x86_64-w64-mingw32/bin/ld.exe) is GNU ld
configure:15566: result: yes
configure:15621: checking whether the g++ linker (C:/msys64/mingw64/x86_64-w64-mingw32/bin/ld.exe) supports shared libraries
configure:16699: result: yes
configure:16735: g++ -c -O2  conftest.cpp >&5
configure:16738: $? = 0
configure:17219: checking for g++ option to produce PIC
configure:17227: result: -DDLL_EXPORT -DPIC
configure:17235: checking if g++ PIC flag -DDLL_EXPORT -DPIC works
configure:17254: g++ -c -O2  -DDLL_EXPORT -DPIC -DPIC conftest.cpp >&5
configure:17258: $? = 0
configure:17271: result: yes
configure:17294: checking if g++ static flag -static works
configure:17323: result: yes
configure:17335: checking if g++ supports -c -o file.o
configure:17357: g++ -c -O2  -o out/conftest2.o conftest.cpp >&5
configure:17361: $? = 0
configure:17383: result: yes
configure:17388: checking if g++ supports -c -o file.o
configure:17436: result: yes
configure:17466: checking whether the g++ linker (C:/msys64/mingw64/x86_64-w64-mingw32/bin/ld.exe) supports shared libraries
configure:17506: result: yes
configure:17648: checking dynamic linker characteristics
configure:18396: result: Win32 ld.exe
configure:18461: checking how to hardcode library paths into programs
configure:18486: result: immediate
configure:18547: checking whether ln -s works
configure:18554: result: no, using cp -pR
configure:18567: checking whether the -Werror option is usable
configure:18587: gcc -c -g -O2 -Werror  conftest.c >&5
configure:18587: $? = 0
configure:18597: result: yes
configure:18599: checking for simple visibility declarations
configure:18627: gcc -c -g -O2 -fvisibility=hidden -Werror  conftest.c >&5
configure:18627: $? = 0
configure:18637: result: yes
configure:19168: checking for egrep
configure:19236: result: /usr/bin/grep -E
configure:19242: checking for limits.h
configure:19242: gcc -c -g -O2  conftest.c >&5
configure:19242: $? = 0
configure:19242: result: yes
configure:19248: checking for sys/types.h
configure:19248: result: yes
configure:19254: checking for sys/stat.h
configure:19254: result: yes
configure:19260: checking for dirent.h
configure:19260: gcc -c -g -O2  conftest.c >&5
configure:19260: $? = 0
configure:19260: result: yes
configure:19269: checking for windows.h
configure:19269: gcc -c -g -O2  conftest.c >&5
configure:19269: $? = 0
configure:19269: result: yes
configure:19303: checking for alias support in the linker
configure:19322: g++ -o conftest.exe -O2   -Wl,-alias,__ZN7pcrecpp2RE6no_argE,__ZN7pcrecpp6no_argE conftest.cpp  >&5
C:/msys64/mingw64/bin/../lib/gcc/x86_64-w64-mingw32/10.3.0/../../../../x86_64-w64-mingw32/bin/ld.exe: unrecognized -a option `lias'
collect2.exe: error: ld returned 1 exit status
configure:19322: $? = 1
configure: failed program was:
| /* confdefs.h */
| #define PACKAGE_NAME "PCRE"
| #define PACKAGE_TARNAME "pcre"
| #define PACKAGE_VERSION "8.45"
| #define PACKAGE_STRING "PCRE 8.45"
| #define PACKAGE_BUGREPORT ""
| #define PACKAGE_URL ""
| #define PACKAGE "pcre"
| #define VERSION "8.45"
| #define HAVE_STDIO_H 1
| #define HAVE_STDLIB_H 1
| #define HAVE_STRING_H 1
| #define HAVE_INTTYPES_H 1
| #define HAVE_STDINT_H 1
| #define HAVE_STRINGS_H 1
| #define HAVE_SYS_STAT_H 1
| #define HAVE_SYS_TYPES_H 1
| #define HAVE_UNISTD_H 1
| #define STDC_HEADERS 1
| #define LT_OBJDIR ".libs/"
| #define PCRE_EXP_DECL extern __attribute__ ((visibility ("default")))
| #define PCRE_EXP_DEFN __attribute__ ((visibility ("default")))
| #define PCRE_EXP_DATA_DEFN __attribute__ ((visibility ("default")))
| #define PCREPOSIX_EXP_DECL extern __attribute__ ((visibility ("default")))
| #define PCREPOSIX_EXP_DEFN extern __attribute__ ((visibility ("default")))
| #define PCRECPP_EXP_DECL extern __attribute__ ((visibility ("default")))
| #define PCRECPP_EXP_DEFN __attribute__ ((visibility ("default")))
| #define HAVE_VISIBILITY 1
| #define HAVE_LIMITS_H 1
| #define HAVE_SYS_TYPES_H 1
| #define HAVE_SYS_STAT_H 1
| #define HAVE_DIRENT_H 1
| #define HAVE_WINDOWS_H 1
| /* end confdefs.h.  */
| namespace pcrecpp {
|                                     class RE { static int no_arg; };
|                                     int RE::no_arg;
|                                   }
| int
| main (void)
| {
| 
|   ;
|   return 0;
| }
configure:19329: result: no
configure:19303: checking for alias support in the linker
configure:19322: g++ -o conftest.exe -O2   -Wl,-i__ZN7pcrecpp6no_argE:__ZN7pcrecpp2RE6no_argE conftest.cpp  >&5
C:/msys64/mingw64/bin/../lib/gcc/x86_64-w64-mingw32/10.3.0/../../../../x86_64-w64-mingw32/bin/ld.exe: unrecognised option: -i__ZN7pcrecpp6no_argE:__ZN7pcrecpp2RE6no_argE
collect2.exe: error: ld returned 1 exit status
configure:19322: $? = 1
configure: failed program was:
| /* confdefs.h */
| #define PACKAGE_NAME "PCRE"
| #define PACKAGE_TARNAME "pcre"
| #define PACKAGE_VERSION "8.45"
| #define PACKAGE_STRING "PCRE 8.45"
| #define PACKAGE_BUGREPORT ""
| #define PACKAGE_URL ""
| #define PACKAGE "pcre"
| #define VERSION "8.45"
| #define HAVE_STDIO_H 1
| #define HAVE_STDLIB_H 1
| #define HAVE_STRING_H 1
| #define HAVE_INTTYPES_H 1
| #define HAVE_STDINT_H 1
| #define HAVE_STRINGS_H 1
| #define HAVE_SYS_STAT_H 1
| #define HAVE_SYS_TYPES_H 1
| #define HAVE_UNISTD_H 1
| #define STDC_HEADERS 1
| #define LT_OBJDIR ".libs/"
| #define PCRE_EXP_DECL extern __attribute__ ((visibility ("default")))
| #define PCRE_EXP_DEFN __attribute__ ((visibility ("default")))
| #define PCRE_EXP_DATA_DEFN __attribute__ ((visibility ("default")))
| #define PCREPOSIX_EXP_DECL extern __attribute__ ((visibility ("default")))
| #define PCREPOSIX_EXP_DEFN extern __attribute__ ((visibility ("default")))
| #define PCRECPP_EXP_DECL extern __attribute__ ((visibility ("default")))
| #define PCRECPP_EXP_DEFN __attribute__ ((visibility ("default")))
| #define HAVE_VISIBILITY 1
| #define HAVE_LIMITS_H 1
| #define HAVE_SYS_TYPES_H 1
| #define HAVE_SYS_STAT_H 1
| #define HAVE_DIRENT_H 1
| #define HAVE_WINDOWS_H 1
| /* end confdefs.h.  */
| namespace pcrecpp {
|                                     class RE { static int no_arg; };
|                                     int RE::no_arg;
|                                   }
| int
| main (void)
| {
| 
|   ;
|   return 0;
| }
configure:19329: result: no
configure:19342: checking for string
configure:19342: g++ -c -O2  conftest.cpp >&5
configure:19342: $? = 0
configure:19342: result: yes
configure:19354: checking for bits/type_traits.h
configure:19354: g++ -c -O2  conftest.cpp >&5
conftest.cpp:64:10: fatal error: bits/type_traits.h: No such file or directory
   64 | #include <bits/type_traits.h>
      |          ^~~~~~~~~~~~~~~~~~~~
compilation terminated.
configure:19354: $? = 1
configure: failed program was:
| /* confdefs.h */
| #define PACKAGE_NAME "PCRE"
| #define PACKAGE_TARNAME "pcre"
| #define PACKAGE_VERSION "8.45"
| #define PACKAGE_STRING "PCRE 8.45"
| #define PACKAGE_BUGREPORT ""
| #define PACKAGE_URL ""
| #define PACKAGE "pcre"
| #define VERSION "8.45"
| #define HAVE_STDIO_H 1
| #define HAVE_STDLIB_H 1
| #define HAVE_STRING_H 1
| #define HAVE_INTTYPES_H 1
| #define HAVE_STDINT_H 1
| #define HAVE_STRINGS_H 1
| #define HAVE_SYS_STAT_H 1
| #define HAVE_SYS_TYPES_H 1
| #define HAVE_UNISTD_H 1
| #define STDC_HEADERS 1
| #define LT_OBJDIR ".libs/"
| #define PCRE_EXP_DECL extern __attribute__ ((visibility ("default")))
| #define PCRE_EXP_DEFN __attribute__ ((visibility ("default")))
| #define PCRE_EXP_DATA_DEFN __attribute__ ((visibility ("default")))
| #define PCREPOSIX_EXP_DECL extern __attribute__ ((visibility ("default")))
| #define PCREPOSIX_EXP_DEFN extern __attribute__ ((visibility ("default")))
| #define PCRECPP_EXP_DECL extern __attribute__ ((visibility ("default")))
| #define PCRECPP_EXP_DEFN __attribute__ ((visibility ("default")))
| #define HAVE_VISIBILITY 1
| #define HAVE_LIMITS_H 1
| #define HAVE_SYS_TYPES_H 1
| #define HAVE_SYS_STAT_H 1
| #define HAVE_DIRENT_H 1
| #define HAVE_WINDOWS_H 1
| #define HAVE_STRING 1
| /* end confdefs.h.  */
| #include <stddef.h>
| #ifdef HAVE_STDIO_H
| # include <stdio.h>
| #endif
| #ifdef HAVE_STDLIB_H
| # include <stdlib.h>
| #endif
| #ifdef HAVE_STRING_H
| # include <string.h>
| #endif
| #ifdef HAVE_INTTYPES_H
| # include <inttypes.h>
| #endif
| #ifdef HAVE_STDINT_H
| # include <stdint.h>
| #endif
| #ifdef HAVE_STRINGS_H
| # include <strings.h>
| #endif
| #ifdef HAVE_SYS_TYPES_H
| # include <sys/types.h>
| #endif
| #ifdef HAVE_SYS_STAT_H
| # include <sys/stat.h>
| #endif
| #ifdef HAVE_UNISTD_H
| # include <unistd.h>
| #endif
| #include <bits/type_traits.h>
configure:19354: result: no
configure:19366: checking for type_traits.h
configure:19366: g++ -c -O2  conftest.cpp >&5
conftest.cpp:64:10: fatal error: type_traits.h: No such file or directory
   64 | #include <type_traits.h>
      |          ^~~~~~~~~~~~~~~
compilation terminated.
configure:19366: $? = 1
configure: failed program was:
| /* confdefs.h */
| #define PACKAGE_NAME "PCRE"
| #define PACKAGE_TARNAME "pcre"
| #define PACKAGE_VERSION "8.45"
| #define PACKAGE_STRING "PCRE 8.45"
| #define PACKAGE_BUGREPORT ""
| #define PACKAGE_URL ""
| #define PACKAGE "pcre"
| #define VERSION "8.45"
| #define HAVE_STDIO_H 1
| #define HAVE_STDLIB_H 1
| #define HAVE_STRING_H 1
| #define HAVE_INTTYPES_H 1
| #define HAVE_STDINT_H 1
| #define HAVE_STRINGS_H 1
| #define HAVE_SYS_STAT_H 1
| #define HAVE_SYS_TYPES_H 1
| #define HAVE_UNISTD_H 1
| #define STDC_HEADERS 1
| #define LT_OBJDIR ".libs/"
| #define PCRE_EXP_DECL extern __attribute__ ((visibility ("default")))
| #define PCRE_EXP_DEFN __attribute__ ((visibility ("default")))
| #define PCRE_EXP_DATA_DEFN __attribute__ ((visibility ("default")))
| #define PCREPOSIX_EXP_DECL extern __attribute__ ((visibility ("default")))
| #define PCREPOSIX_EXP_DEFN extern __attribute__ ((visibility ("default")))
| #define PCRECPP_EXP_DECL extern __attribute__ ((visibility ("default")))
| #define PCRECPP_EXP_DEFN __attribute__ ((visibility ("default")))
| #define HAVE_VISIBILITY 1
| #define HAVE_LIMITS_H 1
| #define HAVE_SYS_TYPES_H 1
| #define HAVE_SYS_STAT_H 1
| #define HAVE_DIRENT_H 1
| #define HAVE_WINDOWS_H 1
| #define HAVE_STRING 1
| /* end confdefs.h.  */
| #include <stddef.h>
| #ifdef HAVE_STDIO_H
| # include <stdio.h>
| #endif
| #ifdef HAVE_STDLIB_H
| # include <stdlib.h>
| #endif
| #ifdef HAVE_STRING_H
| # include <string.h>
| #endif
| #ifdef HAVE_INTTYPES_H
| # include <inttypes.h>
| #endif
| #ifdef HAVE_STDINT_H
| # include <stdint.h>
| #endif
| #ifdef HAVE_STRINGS_H
| # include <strings.h>
| #endif
| #ifdef HAVE_SYS_TYPES_H
| # include <sys/types.h>
| #endif
| #ifdef HAVE_SYS_STAT_H
| # include <sys/stat.h>
| #endif
| #ifdef HAVE_UNISTD_H
| # include <unistd.h>
| #endif
| #include <type_traits.h>
configure:19366: result: no
configure:19390: checking for strtoq
configure:19408: g++ -c -O2  conftest.cpp >&5
conftest.cpp: In function 'int main()':
conftest.cpp:40:17: error: 'strtoq' was not declared in this scope; did you mean 'strtol'?
   40 | char* e; return strtoq("100", &e, 10)
      |                 ^~~~~~
      |                 strtol
configure:19408: $? = 1
configure: failed program was:
| /* confdefs.h */
| #define PACKAGE_NAME "PCRE"
| #define PACKAGE_TARNAME "pcre"
| #define PACKAGE_VERSION "8.45"
| #define PACKAGE_STRING "PCRE 8.45"
| #define PACKAGE_BUGREPORT ""
| #define PACKAGE_URL ""
| #define PACKAGE "pcre"
| #define VERSION "8.45"
| #define HAVE_STDIO_H 1
| #define HAVE_STDLIB_H 1
| #define HAVE_STRING_H 1
| #define HAVE_INTTYPES_H 1
| #define HAVE_STDINT_H 1
| #define HAVE_STRINGS_H 1
| #define HAVE_SYS_STAT_H 1
| #define HAVE_SYS_TYPES_H 1
| #define HAVE_UNISTD_H 1
| #define STDC_HEADERS 1
| #define LT_OBJDIR ".libs/"
| #define PCRE_EXP_DECL extern __attribute__ ((visibility ("default")))
| #define PCRE_EXP_DEFN __attribute__ ((visibility ("default")))
| #define PCRE_EXP_DATA_DEFN __attribute__ ((visibility ("default")))
| #define PCREPOSIX_EXP_DECL extern __attribute__ ((visibility ("default")))
| #define PCREPOSIX_EXP_DEFN extern __attribute__ ((visibility ("default")))
| #define PCRECPP_EXP_DECL extern __attribute__ ((visibility ("default")))
| #define PCRECPP_EXP_DEFN __attribute__ ((visibility ("default")))
| #define HAVE_VISIBILITY 1
| #define HAVE_LIMITS_H 1
| #define HAVE_SYS_TYPES_H 1
| #define HAVE_SYS_STAT_H 1
| #define HAVE_DIRENT_H 1
| #define HAVE_WINDOWS_H 1
| #define HAVE_STRING 1
| /* end confdefs.h.  */
| #include <stdlib.h>
| int
| main (void)
| {
| char* e; return strtoq("100", &e, 10)
|   ;
|   return 0;
| }
configure:19420: result: no
configure:19390: checking for strtoll
configure:19408: g++ -c -O2  conftest.cpp >&5
configure:19408: $? = 0
configure:19410: result: yes
configure:19427: checking for long long
configure:19427: g++ -c -O2  conftest.cpp >&5
configure:19427: $? = 0
configure:19427: g++ -c -O2  conftest.cpp >&5
conftest.cpp: In function 'int main()':
conftest.cpp:68:14: error: expected primary-expression before 'long'
   68 | if (sizeof ((long long)))
      |              ^~~~
conftest.cpp:68:14: error: expected ')' before 'long'
   68 | if (sizeof ((long long)))
      |             ~^~~~
      |              )
conftest.cpp:69:14: error: expected ')' before ';' token
   69 |      return 0;
      |              ^
      |              )
conftest.cpp:68:12: note: to match this '('
   68 | if (sizeof ((long long)))
      |            ^
conftest.cpp:69:14: error: expected ')' before ';' token
   69 |      return 0;
      |              ^
      |              )
conftest.cpp:68:4: note: to match this '('
   68 | if (sizeof ((long long)))
      |    ^
configure:19427: $? = 1
configure: failed program was:
| /* confdefs.h */
| #define PACKAGE_NAME "PCRE"
| #define PACKAGE_TARNAME "pcre"
| #define PACKAGE_VERSION "8.45"
| #define PACKAGE_STRING "PCRE 8.45"
| #define PACKAGE_BUGREPORT ""
| #define PACKAGE_URL ""
| #define PACKAGE "pcre"
| #define VERSION "8.45"
| #define HAVE_STDIO_H 1
| #define HAVE_STDLIB_H 1
| #define HAVE_STRING_H 1
| #define HAVE_INTTYPES_H 1
| #define HAVE_STDINT_H 1
| #define HAVE_STRINGS_H 1
| #define HAVE_SYS_STAT_H 1
| #define HAVE_SYS_TYPES_H 1
| #define HAVE_UNISTD_H 1
| #define STDC_HEADERS 1
| #define LT_OBJDIR ".libs/"
| #define PCRE_EXP_DECL extern __attribute__ ((visibility ("default")))
| #define PCRE_EXP_DEFN __attribute__ ((visibility ("default")))
| #define PCRE_EXP_DATA_DEFN __attribute__ ((visibility ("default")))
| #define PCREPOSIX_EXP_DECL extern __attribute__ ((visibility ("default")))
| #define PCREPOSIX_EXP_DEFN extern __attribute__ ((visibility ("default")))
| #define PCRECPP_EXP_DECL extern __attribute__ ((visibility ("default")))
| #define PCRECPP_EXP_DEFN __attribute__ ((visibility ("default")))
| #define HAVE_VISIBILITY 1
| #define HAVE_LIMITS_H 1
| #define HAVE_SYS_TYPES_H 1
| #define HAVE_SYS_STAT_H 1
| #define HAVE_DIRENT_H 1
| #define HAVE_WINDOWS_H 1
| #define HAVE_STRING 1
| #define HAVE_STRTOLL 1
| /* end confdefs.h.  */
| #include <stddef.h>
| #ifdef HAVE_STDIO_H
| # include <stdio.h>
| #endif
| #ifdef HAVE_STDLIB_H
| # include <stdlib.h>
| #endif
| #ifdef HAVE_STRING_H
| # include <string.h>
| #endif
| #ifdef HAVE_INTTYPES_H
| # include <inttypes.h>
| #endif
| #ifdef HAVE_STDINT_H
| # include <stdint.h>
| #endif
| #ifdef HAVE_STRINGS_H
| # include <strings.h>
| #endif
| #ifdef HAVE_SYS_TYPES_H
| # include <sys/types.h>
| #endif
| #ifdef HAVE_SYS_STAT_H
| # include <sys/stat.h>
| #endif
| #ifdef HAVE_UNISTD_H
| # include <unistd.h>
| #endif
| int
| main (void)
| {
| if (sizeof ((long long)))
| 	    return 0;
|   ;
|   return 0;
| }
configure:19427: result: yes
configure:19438: checking for unsigned long long
configure:19438: g++ -c -O2  conftest.cpp >&5
configure:19438: $? = 0
configure:19438: g++ -c -O2  conftest.cpp >&5
conftest.cpp: In function 'int main()':
conftest.cpp:69:14: error: expected primary-expression before 'unsigned'
   69 | if (sizeof ((unsigned long long)))
      |              ^~~~~~~~
conftest.cpp:69:14: error: expected ')' before 'unsigned'
   69 | if (sizeof ((unsigned long long)))
      |             ~^~~~~~~~
      |              )
conftest.cpp:70:14: error: expected ')' before ';' token
   70 |      return 0;
      |              ^
      |              )
conftest.cpp:69:12: note: to match this '('
   69 | if (sizeof ((unsigned long long)))
      |            ^
conftest.cpp:70:14: error: expected ')' before ';' token
   70 |      return 0;
      |              ^
      |              )
conftest.cpp:69:4: note: to match this '('
   69 | if (sizeof ((unsigned long long)))
      |    ^
configure:19438: $? = 1
configure: failed program was:
| /* confdefs.h */
| #define PACKAGE_NAME "PCRE"
| #define PACKAGE_TARNAME "pcre"
| #define PACKAGE_VERSION "8.45"
| #define PACKAGE_STRING "PCRE 8.45"
| #define PACKAGE_BUGREPORT ""
| #define PACKAGE_URL ""
| #define PACKAGE "pcre"
| #define VERSION "8.45"
| #define HAVE_STDIO_H 1
| #define HAVE_STDLIB_H 1
| #define HAVE_STRING_H 1
| #define HAVE_INTTYPES_H 1
| #define HAVE_STDINT_H 1
| #define HAVE_STRINGS_H 1
| #define HAVE_SYS_STAT_H 1
| #define HAVE_SYS_TYPES_H 1
| #define HAVE_UNISTD_H 1
| #define STDC_HEADERS 1
| #define LT_OBJDIR ".libs/"
| #define PCRE_EXP_DECL extern __attribute__ ((visibility ("default")))
| #define PCRE_EXP_DEFN __attribute__ ((visibility ("default")))
| #define PCRE_EXP_DATA_DEFN __attribute__ ((visibility ("default")))
| #define PCREPOSIX_EXP_DECL extern __attribute__ ((visibility ("default")))
| #define PCREPOSIX_EXP_DEFN extern __attribute__ ((visibility ("default")))
| #define PCRECPP_EXP_DECL extern __attribute__ ((visibility ("default")))
| #define PCRECPP_EXP_DEFN __attribute__ ((visibility ("default")))
| #define HAVE_VISIBILITY 1
| #define HAVE_LIMITS_H 1
| #define HAVE_SYS_TYPES_H 1
| #define HAVE_SYS_STAT_H 1
| #define HAVE_DIRENT_H 1
| #define HAVE_WINDOWS_H 1
| #define HAVE_STRING 1
| #define HAVE_STRTOLL 1
| #define HAVE_LONG_LONG 1
| /* end confdefs.h.  */
| #include <stddef.h>
| #ifdef HAVE_STDIO_H
| # include <stdio.h>
| #endif
| #ifdef HAVE_STDLIB_H
| # include <stdlib.h>
| #endif
| #ifdef HAVE_STRING_H
| # include <string.h>
| #endif
| #ifdef HAVE_INTTYPES_H
| # include <inttypes.h>
| #endif
| #ifdef HAVE_STDINT_H
| # include <stdint.h>
| #endif
| #ifdef HAVE_STRINGS_H
| # include <strings.h>
| #endif
| #ifdef HAVE_SYS_TYPES_H
| # include <sys/types.h>
| #endif
| #ifdef HAVE_SYS_STAT_H
| # include <sys/stat.h>
| #endif
| #ifdef HAVE_UNISTD_H
| # include <unistd.h>
| #endif
| int
| main (void)
| {
| if (sizeof ((unsigned long long)))
| 	    return 0;
|   ;
|   return 0;
| }
configure:19438: result: yes
configure:19535: checking for an ANSI C-conforming const
configure:19602: gcc -c -g -O2  conftest.c >&5
configure:19602: $? = 0
configure:19610: result: yes
configure:19618: checking for size_t
configure:19618: gcc -c -g -O2  conftest.c >&5
configure:19618: $? = 0
configure:19618: gcc -c -g -O2  conftest.c >&5
conftest.c: In function 'main':
conftest.c:70:21: error: expected expression before ')' token
   70 | if (sizeof ((size_t)))
      |                     ^
configure:19618: $? = 1
configure: failed program was:
| /* confdefs.h */
| #define PACKAGE_NAME "PCRE"
| #define PACKAGE_TARNAME "pcre"
| #define PACKAGE_VERSION "8.45"
| #define PACKAGE_STRING "PCRE 8.45"
| #define PACKAGE_BUGREPORT ""
| #define PACKAGE_URL ""
| #define PACKAGE "pcre"
| #define VERSION "8.45"
| #define HAVE_STDIO_H 1
| #define HAVE_STDLIB_H 1
| #define HAVE_STRING_H 1
| #define HAVE_INTTYPES_H 1
| #define HAVE_STDINT_H 1
| #define HAVE_STRINGS_H 1
| #define HAVE_SYS_STAT_H 1
| #define HAVE_SYS_TYPES_H 1
| #define HAVE_UNISTD_H 1
| #define STDC_HEADERS 1
| #define LT_OBJDIR ".libs/"
| #define PCRE_EXP_DECL extern __attribute__ ((visibility ("default")))
| #define PCRE_EXP_DEFN __attribute__ ((visibility ("default")))
| #define PCRE_EXP_DATA_DEFN __attribute__ ((visibility ("default")))
| #define PCREPOSIX_EXP_DECL extern __attribute__ ((visibility ("default")))
| #define PCREPOSIX_EXP_DEFN extern __attribute__ ((visibility ("default")))
| #define PCRECPP_EXP_DECL extern __attribute__ ((visibility ("default")))
| #define PCRECPP_EXP_DEFN __attribute__ ((visibility ("default")))
| #define HAVE_VISIBILITY 1
| #define HAVE_LIMITS_H 1
| #define HAVE_SYS_TYPES_H 1
| #define HAVE_SYS_STAT_H 1
| #define HAVE_DIRENT_H 1
| #define HAVE_WINDOWS_H 1
| #define HAVE_STRING 1
| #define HAVE_STRTOLL 1
| #define HAVE_LONG_LONG 1
| #define HAVE_UNSIGNED_LONG_LONG 1
| /* end confdefs.h.  */
| #include <stddef.h>
| #ifdef HAVE_STDIO_H
| # include <stdio.h>
| #endif
| #ifdef HAVE_STDLIB_H
| # include <stdlib.h>
| #endif
| #ifdef HAVE_STRING_H
| # include <string.h>
| #endif
| #ifdef HAVE_INTTYPES_H
| # include <inttypes.h>
| #endif
| #ifdef HAVE_STDINT_H
| # include <stdint.h>
| #endif
| #ifdef HAVE_STRINGS_H
| # include <strings.h>
| #endif
| #ifdef HAVE_SYS_TYPES_H
| # include <sys/types.h>
| #endif
| #ifdef HAVE_SYS_STAT_H
| # include <sys/stat.h>
| #endif
| #ifdef HAVE_UNISTD_H
| # include <unistd.h>
| #endif
| int
| main (void)
| {
| if (sizeof ((size_t)))
| 	    return 0;
|   ;
|   return 0;
| }
configure:19618: result: yes
configure:19631: checking for bcopy
configure:19631: gcc -o conftest.exe -g -O2   conftest.c  >&5
conftest.c:55:6: warning: conflicting types for built-in function 'bcopy'; expected 'void(const void *, void *, long long unsigned int)' [-Wbuiltin-declaration-mismatch]
   55 | char bcopy ();
      |      ^~~~~
C:/msys64/mingw64/bin/../lib/gcc/x86_64-w64-mingw32/10.3.0/../../../../x86_64-w64-mingw32/bin/ld.exe: C:\msys64\tmp\ccie2Y7Z.o: in function `main':
C:\Users\awolven\oc\util\swig-3.0.12\pcre/conftest.c:66: undefined reference to `bcopy'
collect2.exe: error: ld returned 1 exit status
configure:19631: $? = 1
configure: failed program was:
| /* confdefs.h */
| #define PACKAGE_NAME "PCRE"
| #define PACKAGE_TARNAME "pcre"
| #define PACKAGE_VERSION "8.45"
| #define PACKAGE_STRING "PCRE 8.45"
| #define PACKAGE_BUGREPORT ""
| #define PACKAGE_URL ""
| #define PACKAGE "pcre"
| #define VERSION "8.45"
| #define HAVE_STDIO_H 1
| #define HAVE_STDLIB_H 1
| #define HAVE_STRING_H 1
| #define HAVE_INTTYPES_H 1
| #define HAVE_STDINT_H 1
| #define HAVE_STRINGS_H 1
| #define HAVE_SYS_STAT_H 1
| #define HAVE_SYS_TYPES_H 1
| #define HAVE_UNISTD_H 1
| #define STDC_HEADERS 1
| #define LT_OBJDIR ".libs/"
| #define PCRE_EXP_DECL extern __attribute__ ((visibility ("default")))
| #define PCRE_EXP_DEFN __attribute__ ((visibility ("default")))
| #define PCRE_EXP_DATA_DEFN __attribute__ ((visibility ("default")))
| #define PCREPOSIX_EXP_DECL extern __attribute__ ((visibility ("default")))
| #define PCREPOSIX_EXP_DEFN extern __attribute__ ((visibility ("default")))
| #define PCRECPP_EXP_DECL extern __attribute__ ((visibility ("default")))
| #define PCRECPP_EXP_DEFN __attribute__ ((visibility ("default")))
| #define HAVE_VISIBILITY 1
| #define HAVE_LIMITS_H 1
| #define HAVE_SYS_TYPES_H 1
| #define HAVE_SYS_STAT_H 1
| #define HAVE_DIRENT_H 1
| #define HAVE_WINDOWS_H 1
| #define HAVE_STRING 1
| #define HAVE_STRTOLL 1
| #define HAVE_LONG_LONG 1
| #define HAVE_UNSIGNED_LONG_LONG 1
| /* end confdefs.h.  */
| /* Define bcopy to an innocuous variant, in case <limits.h> declares bcopy.
|    For example, HP-UX 11i <limits.h> declares gettimeofday.  */
| #define bcopy innocuous_bcopy
| 
| /* System header to define __stub macros and hopefully few prototypes,
|    which can conflict with char bcopy (); below.  */
| 
| #include <limits.h>
| #undef bcopy
| 
| /* Override any GCC internal prototype to avoid an error.
|    Use char because int might match the return type of a GCC
|    builtin and then its argument prototype would still apply.  */
| #ifdef __cplusplus
| extern "C"
| #endif
| char bcopy ();
| /* The GNU C library defines this for functions which it implements
|     to always fail with ENOSYS.  Some functions are actually named
|     something starting with __ and the normal name is an alias.  */
| #if defined __stub_bcopy || defined __stub___bcopy
| choke me
| #endif
| 
| int
| main (void)
| {
| return bcopy ();
|   ;
|   return 0;
| }
configure:19631: result: no
configure:19637: checking for memmove
configure:19637: gcc -o conftest.exe -g -O2   conftest.c  >&5
conftest.c:55:6: warning: conflicting types for built-in function 'memmove'; expected 'void *(void *, const void *, long long unsigned int)' [-Wbuiltin-declaration-mismatch]
   55 | char memmove ();
      |      ^~~~~~~
conftest.c:47:1: note: 'memmove' is declared in header '<string.h>'
   46 | #include <limits.h>
   47 | #undef memmove
configure:19637: $? = 0
configure:19637: result: yes
configure:19643: checking for strerror
configure:19643: gcc -o conftest.exe -g -O2   conftest.c  >&5
configure:19643: $? = 0
configure:19643: result: yes
configure:19655: checking for zlib.h
configure:19655: gcc -c -g -O2  conftest.c >&5
configure:19655: $? = 0
configure:19655: result: yes
configure:19663: checking for gzopen in -lz
configure:19686: gcc -o conftest.exe -g -O2   conftest.c -lz   >&5
configure:19686: $? = 0
configure:19696: result: yes
configure:19722: checking for bzlib.h
configure:19722: gcc -c -g -O2  conftest.c >&5
configure:19722: $? = 0
configure:19722: result: yes
configure:19735: checking for libbz2
configure:19753: gcc -o conftest.exe -g -O2   conftest.c  -lbz2 >&5
conftest.c: In function 'main':
conftest.c:50:8: warning: cast from pointer to integer of different size [-Wpointer-to-int-cast]
   50 | return (int)BZ2_bzopen("conftest", "rb");
      |        ^
configure:19753: $? = 0
configure:19755: result: yes
configure:21329: checking that generated files are newer than configure
configure:21335: result: done
configure:21402: creating ./config.status

## ---------------------- ##
## Running config.status. ##
## ---------------------- ##

This file was extended by PCRE config.status 8.45, which was
generated by GNU Autoconf 2.71.  Invocation command line was

  CONFIG_FILES    = 
  CONFIG_HEADERS  = 
  CONFIG_LINKS    = 
  CONFIG_COMMANDS = 
  $ ./config.status 

on spoticus

config.status:1261: creating Makefile
config.status:1261: creating libpcre.pc
config.status:1261: creating libpcre16.pc
config.status:1261: creating libpcre32.pc
config.status:1261: creating libpcreposix.pc
config.status:1261: creating libpcrecpp.pc
config.status:1261: creating pcre-config
config.status:1261: creating pcre.h
config.status:1261: creating pcre_stringpiece.h
config.status:1261: creating pcrecpparg.h
config.status:1261: creating config.h
config.status:1490: executing depfiles commands
config.status:1567: cd .       && sed -e '/# am--include-marker/d' Makefile         | make -f - am--depfiles
config.status:1572: $? = 0
config.status:1490: executing libtool commands
config.status:1490: executing script-chmod commands
config.status:1490: executing delete-old-chartables commands

## ---------------- ##
## Cache variables. ##
## ---------------- ##

ac_cv_build=x86_64-w64-mingw32
ac_cv_c_compiler_gnu=yes
ac_cv_c_const=yes
ac_cv_c_int64_t=yes
ac_cv_cxx_compiler_gnu=yes
ac_cv_env_CCC_set=
ac_cv_env_CCC_value=
ac_cv_env_CC_set=
ac_cv_env_CC_value=
ac_cv_env_CFLAGS_set=
ac_cv_env_CFLAGS_value=
ac_cv_env_CPPFLAGS_set=
ac_cv_env_CPPFLAGS_value=
ac_cv_env_CXXCPP_set=
ac_cv_env_CXXCPP_value=
ac_cv_env_CXXFLAGS_set=
ac_cv_env_CXXFLAGS_value=
ac_cv_env_CXX_set=
ac_cv_env_CXX_value=
ac_cv_env_GENHTML_set=
ac_cv_env_GENHTML_value=
ac_cv_env_LCOV_set=
ac_cv_env_LCOV_value=
ac_cv_env_LDFLAGS_set=
ac_cv_env_LDFLAGS_value=
ac_cv_env_LIBS_set=
ac_cv_env_LIBS_value=
ac_cv_env_LT_SYS_LIBRARY_PATH_set=
ac_cv_env_LT_SYS_LIBRARY_PATH_value=
ac_cv_env_PKG_CONFIG_LIBDIR_set=
ac_cv_env_PKG_CONFIG_LIBDIR_value=
ac_cv_env_PKG_CONFIG_PATH_set=set
ac_cv_env_PKG_CONFIG_PATH_value=/mingw64/lib/pkgconfig:/mingw64/share/pkgconfig
ac_cv_env_PKG_CONFIG_set=
ac_cv_env_PKG_CONFIG_value=
ac_cv_env_VALGRIND_CFLAGS_set=
ac_cv_env_VALGRIND_CFLAGS_value=
ac_cv_env_VALGRIND_LIBS_set=
ac_cv_env_VALGRIND_LIBS_value=
ac_cv_env_build_alias_set=
ac_cv_env_build_alias_value=
ac_cv_env_host_alias_set=
ac_cv_env_host_alias_value=
ac_cv_env_target_alias_set=
ac_cv_env_target_alias_value=
ac_cv_exeext=.exe
ac_cv_func_bcopy=no
ac_cv_func_memmove=yes
ac_cv_func_strerror=yes
ac_cv_header_bits_type_traits_h=no
ac_cv_header_bzlib_h=yes
ac_cv_header_dirent_h=yes
ac_cv_header_dlfcn_h=no
ac_cv_header_inttypes_h=yes
ac_cv_header_limits_h=yes
ac_cv_header_stdint_h=yes
ac_cv_header_stdio_h=yes
ac_cv_header_stdlib_h=yes
ac_cv_header_string=yes
ac_cv_header_string_h=yes
ac_cv_header_strings_h=yes
ac_cv_header_sys_stat_h=yes
ac_cv_header_sys_types_h=yes
ac_cv_header_type_traits_h=no
ac_cv_header_unistd_h=yes
ac_cv_header_windows_h=yes
ac_cv_header_zlib_h=yes
ac_cv_host=x86_64-w64-mingw32
ac_cv_lib_z_gzopen=yes
ac_cv_objext=o
ac_cv_path_EGREP='/usr/bin/grep -E'
ac_cv_path_FGREP='/usr/bin/grep -F'
ac_cv_path_GREP=/usr/bin/grep
ac_cv_path_SED=/usr/bin/sed
ac_cv_path_install='/usr/bin/install -c'
ac_cv_path_lt_DD=/usr/bin/dd
ac_cv_path_mkdir=/usr/bin/mkdir
ac_cv_prog_AWK=gawk
ac_cv_prog_CXXCPP='g++ -E'
ac_cv_prog_ac_ct_AR=ar
ac_cv_prog_ac_ct_AS=as
ac_cv_prog_ac_ct_CC=gcc
ac_cv_prog_ac_ct_CXX=g++
ac_cv_prog_ac_ct_DLLTOOL=dlltool
ac_cv_prog_ac_ct_OBJDUMP=objdump
ac_cv_prog_ac_ct_RANLIB=ranlib
ac_cv_prog_ac_ct_STRIP=strip
ac_cv_prog_cc_c11=
ac_cv_prog_cc_g=yes
ac_cv_prog_cc_stdc=
ac_cv_prog_cxx_11=no
ac_cv_prog_cxx_cxx11=
ac_cv_prog_cxx_g=yes
ac_cv_prog_cxx_stdcxx=
ac_cv_prog_make_make_set=yes
ac_cv_type_long_long=yes
ac_cv_type_size_t=yes
ac_cv_type_unsigned_long_long=yes
am_cv_CC_dependencies_compiler_type=gcc3
am_cv_CXX_dependencies_compiler_type=gcc3
am_cv_ar_interface=ar
am_cv_make_support_nested_variables=yes
am_cv_prog_cc_c_o=yes
lt_cv_ar_at_file=@
lt_cv_deplibs_check_method='file_magic ^x86 archive import|^x86 DLL'
lt_cv_file_magic_cmd=func_win32_libid
lt_cv_file_magic_test_file=
lt_cv_ld_reload_flag=-r
lt_cv_nm_interface='BSD nm'
lt_cv_objdir=.libs
lt_cv_path_LD=C:/msys64/mingw64/x86_64-w64-mingw32/bin/ld.exe
lt_cv_path_LDCXX=C:/msys64/mingw64/x86_64-w64-mingw32/bin/ld.exe
lt_cv_path_NM='/mingw64/bin/nm -B'
lt_cv_path_mainfest_tool=no
lt_cv_prog_compiler_c_o=yes
lt_cv_prog_compiler_c_o_CXX=yes
lt_cv_prog_compiler_pic='-DDLL_EXPORT -DPIC'
lt_cv_prog_compiler_pic_CXX='-DDLL_EXPORT -DPIC'
lt_cv_prog_compiler_pic_works=yes
lt_cv_prog_compiler_pic_works_CXX=yes
lt_cv_prog_compiler_rtti_exceptions=no
lt_cv_prog_compiler_static_works=yes
lt_cv_prog_compiler_static_works_CXX=yes
lt_cv_prog_gnu_ld=yes
lt_cv_prog_gnu_ldcxx=yes
lt_cv_sharedlib_from_linklib_cmd=func_cygming_dll_for_implib
lt_cv_sys_global_symbol_pipe='sed -n -e '\''s/^.*[	 ]\([ABCDGIRSTW][ABCDGIRSTW]*\)[	 ][	 ]*\([_A-Za-z][_A-Za-z0-9]*\)\{0,1\}$/\1 \2 \2/p'\'' | sed '\''/ __gnu_lto/d'\'''
lt_cv_sys_global_symbol_to_c_name_address='sed -n -e '\''s/^: \(.*\) .*$/  {"\1", (void *) 0},/p'\'' -e '\''s/^[ABCDGIRSTW][ABCDGIRSTW]* .* \(.*\)$/  {"\1", (void *) \&\1},/p'\'''
lt_cv_sys_global_symbol_to_c_name_address_lib_prefix='sed -n -e '\''s/^: \(.*\) .*$/  {"\1", (void *) 0},/p'\'' -e '\''s/^[ABCDGIRSTW][ABCDGIRSTW]* .* \(lib.*\)$/  {"\1", (void *) \&\1},/p'\'' -e '\''s/^[ABCDGIRSTW][ABCDGIRSTW]* .* \(.*\)$/  {"lib\1", (void *) \&\1},/p'\'''
lt_cv_sys_global_symbol_to_cdecl='sed -n -e '\''s/^T .* \(.*\)$/extern int \1();/p'\'' -e '\''s/^[ABCDGIRSTW][ABCDGIRSTW]* .* \(.*\)$/extern char \1;/p'\'''
lt_cv_sys_global_symbol_to_import=
lt_cv_sys_max_cmd_len=8192
lt_cv_to_host_file_cmd=func_convert_file_msys_to_w32
lt_cv_to_tool_file_cmd=func_convert_file_msys_to_w32
lt_cv_truncate_bin='/usr/bin/dd bs=4096 count=1'
pcre_cv_cc_vis_werror=yes
pcre_cv_cc_visibility=yes

## ----------------- ##
## Output variables. ##
## ----------------- ##

ACLOCAL='${SHELL} '\''/c/Users/awolven/oc/util/swig-3.0.12/pcre/missing'\'' aclocal-1.16'
AMDEPBACKSLASH='\'
AMDEP_FALSE='#'
AMDEP_TRUE=''
AMTAR='$${TAR-tar}'
AM_BACKSLASH='\'
AM_DEFAULT_V='$(AM_DEFAULT_VERBOSITY)'
AM_DEFAULT_VERBOSITY='0'
AM_V='$(V)'
AR='ar'
AS='as'
AUTOCONF='${SHELL} '\''/c/Users/awolven/oc/util/swig-3.0.12/pcre/missing'\'' autoconf'
AUTOHEADER='${SHELL} '\''/c/Users/awolven/oc/util/swig-3.0.12/pcre/missing'\'' autoheader'
AUTOMAKE='${SHELL} '\''/c/Users/awolven/oc/util/swig-3.0.12/pcre/missing'\'' automake-1.16'
AWK='gawk'
CC='gcc'
CCDEPMODE='depmode=gcc3'
CFLAGS='-g -O2'
CPPFLAGS=''
CXX='g++'
CXXCPP='g++ -E'
CXXDEPMODE='depmode=gcc3'
CXXFLAGS='-O2'
CYGPATH_W='cygpath -w'
DEFS='-DHAVE_CONFIG_H'
DEPDIR='.deps'
DISTCHECK_CONFIGURE_FLAGS='CFLAGS='\'''\'' CXXFLAGS='\'''\'' --enable-pcre16 --enable-pcre32 --enable-jit --enable-cpp --enable-unicode-properties'
DLLTOOL='dlltool'
DSYMUTIL=''
DUMPBIN=''
ECHO_C=''
ECHO_N='-n'
ECHO_T=''
EGREP='/usr/bin/grep -E'
EXEEXT='.exe'
EXTRA_LIBPCRE16_LDFLAGS='                         -version-info 2:13:2'
EXTRA_LIBPCRE32_LDFLAGS='                         -version-info 0:13:0'
EXTRA_LIBPCRECPP_LDFLAGS='                            -version-info 0:2:0                           '
EXTRA_LIBPCREPOSIX_LDFLAGS='                              -version-info 0:7:0'
EXTRA_LIBPCRE_LDFLAGS='                         -version-info 3:13:2'
FGREP='/usr/bin/grep -F'
GCOV_CFLAGS=''
GCOV_CXXFLAGS=''
GCOV_LIBS=''
GENHTML=''
GREP='/usr/bin/grep'
HAVE_VISIBILITY='1'
INSTALL_DATA='${INSTALL} -m 644'
INSTALL_PROGRAM='${INSTALL}'
INSTALL_SCRIPT='${INSTALL}'
INSTALL_STRIP_PROGRAM='$(install_sh) -c -s'
LCOV=''
LD='C:/msys64/mingw64/x86_64-w64-mingw32/bin/ld.exe'
LDFLAGS=''
LIBBZ2=''
LIBOBJS=''
LIBREADLINE=''
LIBS=''
LIBTOOL='$(SHELL) $(top_builddir)/libtool'
LIBZ=''
LIPO=''
LN_S='cp -pR'
LTLIBOBJS=''
LT_SYS_LIBRARY_PATH=''
MAKEINFO='${SHELL} '\''/c/Users/awolven/oc/util/swig-3.0.12/pcre/missing'\'' makeinfo'
MANIFEST_TOOL=':'
MKDIR_P='/usr/bin/mkdir -p'
NM='/mingw64/bin/nm -B'
NMEDIT=''
OBJDUMP='objdump'
OBJEXT='o'
OTOOL64=''
OTOOL=''
PACKAGE='pcre'
PACKAGE_BUGREPORT=''
PACKAGE_NAME='PCRE'
PACKAGE_STRING='PCRE 8.45'
PACKAGE_TARNAME='pcre'
PACKAGE_URL=''
PACKAGE_VERSION='8.45'
PATH_SEPARATOR=':'
PCRE_DATE='2021-06-15'
PCRE_MAJOR='8'
PCRE_MINOR='45'
PCRE_PRERELEASE=''
PCRE_STATIC_CFLAG='-DPCRE_STATIC'
PKG_CONFIG=''
PKG_CONFIG_LIBDIR=''
PKG_CONFIG_PATH='/mingw64/lib/pkgconfig:/mingw64/share/pkgconfig'
PTHREAD_CC=''
PTHREAD_CFLAGS=''
PTHREAD_LIBS=''
RANLIB='ranlib'
SED='/usr/bin/sed'
SET_MAKE=''
SHELL='/bin/sh'
SHTOOL=''
STRIP='strip'
VALGRIND_CFLAGS=''
VALGRIND_LIBS=''
VERSION='8.45'
VISIBILITY_CFLAGS='-fvisibility=hidden'
VISIBILITY_CXXFLAGS='-fvisibility=hidden -fvisibility-inlines-hidden'
WITH_GCOV_FALSE=''
WITH_GCOV_TRUE='#'
WITH_JIT_FALSE=''
WITH_JIT_TRUE='#'
WITH_PCRE16_FALSE=''
WITH_PCRE16_TRUE='#'
WITH_PCRE32_FALSE=''
WITH_PCRE32_TRUE='#'
WITH_PCRE8_FALSE='#'
WITH_PCRE8_TRUE=''
WITH_PCRE_CPP_FALSE='#'
WITH_PCRE_CPP_TRUE=''
WITH_REBUILD_CHARTABLES_FALSE=''
WITH_REBUILD_CHARTABLES_TRUE='#'
WITH_UTF_FALSE=''
WITH_UTF_TRUE='#'
WITH_VALGRIND_FALSE=''
WITH_VALGRIND_TRUE='#'
ac_ct_AR='ar'
ac_ct_CC='gcc'
ac_ct_CXX='g++'
ac_ct_DUMPBIN=''
am__EXEEXT_FALSE='#'
am__EXEEXT_TRUE=''
am__fastdepCC_FALSE='#'
am__fastdepCC_TRUE=''
am__fastdepCXX_FALSE='#'
am__fastdepCXX_TRUE=''
am__include='include'
am__isrc=''
am__leading_dot='.'
am__nodep='_no'
am__quote=''
am__tar='$${TAR-tar} chof - "$$tardir"'
am__untar='$${TAR-tar} xf -'
ax_pthread_config=''
bindir='${exec_prefix}/bin'
build='x86_64-w64-mingw32'
build_alias='x86_64-w64-mingw32'
build_cpu='x86_64'
build_os='mingw32'
build_vendor='w64'
datadir='${datarootdir}'
datarootdir='${prefix}/share'
docdir='${datarootdir}/doc/${PACKAGE_TARNAME}'
dvidir='${docdir}'
enable_cpp='yes'
enable_pcre16='no'
enable_pcre32='no'
enable_pcre8='yes'
exec_prefix='${prefix}'
host='x86_64-w64-mingw32'
host_alias=''
host_cpu='x86_64'
host_os='mingw32'
host_vendor='w64'
htmldir='${docdir}/html'
includedir='${prefix}/include'
infodir='${datarootdir}/info'
install_sh='${SHELL} /c/Users/awolven/oc/util/swig-3.0.12/pcre/install-sh'
libdir='${exec_prefix}/lib'
libexecdir='${exec_prefix}/libexec'
localedir='${datarootdir}/locale'
localstatedir='${prefix}/var'
mandir='${datarootdir}/man'
mkdir_p='$(MKDIR_P)'
oldincludedir='/usr/include'
pcre_have_bits_type_traits='0'
pcre_have_long_long='1'
pcre_have_type_traits='0'
pcre_have_ulong_long='1'
pdfdir='${docdir}'
prefix='/c/Users/awolven/oc/util/swig-3.0.12/pcre/pcre-swig-install'
program_transform_name='s,x,x,'
psdir='${docdir}'
runstatedir='${localstatedir}/run'
sbindir='${exec_prefix}/sbin'
sharedstatedir='${prefix}/com'
sysconfdir='${prefix}/etc'
target_alias=''

## ----------- ##
## confdefs.h. ##
## ----------- ##

/* confdefs.h */
#define PACKAGE_NAME "PCRE"
#define PACKAGE_TARNAME "pcre"
#define PACKAGE_VERSION "8.45"
#define PACKAGE_STRING "PCRE 8.45"
#define PACKAGE_BUGREPORT ""
#define PACKAGE_URL ""
#define PACKAGE "pcre"
#define VERSION "8.45"
#define HAVE_STDIO_H 1
#define HAVE_STDLIB_H 1
#define HAVE_STRING_H 1
#define HAVE_INTTYPES_H 1
#define HAVE_STDINT_H 1
#define HAVE_STRINGS_H 1
#define HAVE_SYS_STAT_H 1
#define HAVE_SYS_TYPES_H 1
#define HAVE_UNISTD_H 1
#define STDC_HEADERS 1
#define LT_OBJDIR ".libs/"
#define PCRE_EXP_DECL extern __attribute__ ((visibility ("default")))
#define PCRE_EXP_DEFN __attribute__ ((visibility ("default")))
#define PCRE_EXP_DATA_DEFN __attribute__ ((visibility ("default")))
#define PCREPOSIX_EXP_DECL extern __attribute__ ((visibility ("default")))
#define PCREPOSIX_EXP_DEFN extern __attribute__ ((visibility ("default")))
#define PCRECPP_EXP_DECL extern __attribute__ ((visibility ("default")))
#define PCRECPP_EXP_DEFN __attribute__ ((visibility ("default")))
#define HAVE_VISIBILITY 1
#define HAVE_LIMITS_H 1
#define HAVE_SYS_TYPES_H 1
#define HAVE_SYS_STAT_H 1
#define HAVE_DIRENT_H 1
#define HAVE_WINDOWS_H 1
#define HAVE_STRING 1
#define HAVE_STRTOLL 1
#define HAVE_LONG_LONG 1
#define HAVE_UNSIGNED_LONG_LONG 1
#define HAVE_MEMMOVE 1
#define HAVE_STRERROR 1
#define HAVE_ZLIB_H 1
#define HAVE_BZLIB_H 1
#define PCRE_STATIC 1
#define SUPPORT_PCRE8 /**/
#define PCREGREP_BUFSIZE 20480
#define NEWLINE 10
#define LINK_SIZE 2
#define POSIX_MALLOC_THRESHOLD 10
#define PARENS_NEST_LIMIT 250
#define MATCH_LIMIT 10000000
#define MATCH_LIMIT_RECURSION MATCH_LIMIT
#define MAX_NAME_SIZE 32
#define MAX_NAME_COUNT 10000

configure: exit 0
